#
# There is insufficient memory for the Java Runtime Environment to continue.
# Native memory allocation (malloc) failed to allocate 436320 bytes for Chunk::new
# Possible reasons:
#   The system is out of physical RAM or swap space
#   The process is running with CompressedOops enabled, and the Java Heap may be blocking the growth of the native heap
# Possible solutions:
#   Reduce memory load on the system
#   Increase physical memory or swap space
#   Check if swap backing store is full
#   Decrease Java heap size (-Xmx/-Xms)
#   Decrease number of Java threads
#   Decrease Java thread stack sizes (-Xss)
#   Set larger code cache with -XX:ReservedCodeCacheSize=
#   JVM is running with Unscaled Compressed Oops mode in which the Java heap is
#     placed in the first 4GB address space. The Java Heap base address is the
#     maximum limit for the native heap growth. Please use -XX:HeapBaseMinAddress
#     to set the Java Heap base and to place the Java Heap above 4GB virtual address.
# This output file may be truncated or incomplete.
#
#  Out of Memory Error (arena.cpp:184), pid=2032, tid=15048
#
# JRE version: OpenJDK Runtime Environment Corretto-20.0.2.10.1 (20.0.2.1+10) (build 20.0.2.1+10-FR)
# Java VM: OpenJDK 64-Bit Server VM Corretto-20.0.2.10.1 (20.0.2.1+10-FR, mixed mode, sharing, tiered, compressed oops, compressed class ptrs, g1 gc, windows-amd64)
# No core dump will be written. Minidumps are not enabled by default on client versions of Windows
#

---------------  S U M M A R Y ------------

Command Line: --add-opens=java.base/java.util=ALL-UNNAMED --add-opens=java.base/java.lang=ALL-UNNAMED --add-opens=java.base/java.lang.invoke=ALL-UNNAMED --add-opens=java.prefs/java.util.prefs=ALL-UNNAMED --add-opens=java.base/java.nio.charset=ALL-UNNAMED --add-opens=java.base/java.net=ALL-UNNAMED --add-opens=java.base/java.util.concurrent.atomic=ALL-UNNAMED -XX:MaxMetaspaceSize=384m -XX:+HeapDumpOnOutOfMemoryError -Xms256m -Xmx512m -Dfile.encoding=x-windows-949 -Duser.country=KR -Duser.language=ko -Duser.variant -javaagent:C:\Users\45819\.gradle\wrapper\dists\gradle-8.4-bin\1w5dpkrfk8irigvoxmyhowfim\gradle-8.4\lib\agents\gradle-instrumentation-agent-8.4.jar org.gradle.launcher.daemon.bootstrap.GradleDaemon 8.4

Host: Intel(R) Core(TM) i7-8750H CPU @ 2.20GHz, 12 cores, 7G,  Windows 10 , 64 bit Build 19041 (10.0.19041.3636)
Time: Mon Jun 24 15:16:38 2024  Windows 10 , 64 bit Build 19041 (10.0.19041.3636) elapsed time: 6.757806 seconds (0d 0h 0m 6s)

---------------  T H R E A D  ---------------

Current thread (0x0000020982e78840):  JavaThread "C2 CompilerThread2" daemon [_thread_in_native, id=15048, stack(0x0000002326100000,0x0000002326200000)]


Current CompileTask:
C2:   6757 4579       4       java.util.regex.Pattern::compile (537 bytes)

Stack: [0x0000002326100000,0x0000002326200000]
Native frames: (J=compiled Java code, j=interpreted, Vv=VM code, C=native code)
V  [jvm.dll+0x6ba11a]
V  [jvm.dll+0x8968da]
V  [jvm.dll+0x898665]
V  [jvm.dll+0x898d53]
V  [jvm.dll+0x27f9ff]
V  [jvm.dll+0xc3771]
V  [jvm.dll+0xc3a95]
V  [jvm.dll+0x3b8f3c]
V  [jvm.dll+0x1e46b9]
V  [jvm.dll+0x2491db]
V  [jvm.dll+0x24847f]
V  [jvm.dll+0x1cbc81]
V  [jvm.dll+0x257f49]
V  [jvm.dll+0x256610]
V  [jvm.dll+0x3f0155]
V  [jvm.dll+0x843859]
V  [jvm.dll+0x6b8d9b]
C  [ucrtbase.dll+0x21bb2]
C  [KERNEL32.DLL+0x17344]
C  [ntdll.dll+0x526b1]


---------------  P R O C E S S  ---------------

Threads class SMR info:
_java_thread_list=0x00000209fe9def40, length=44, elements={
0x00000209c9167a60, 0x00000209fe80bd80, 0x00000209fe80e8e0, 0x00000209fe80fc30,
0x00000209e60d8620, 0x00000209e60daf70, 0x00000209fe816750, 0x00000209fe818cb0,
0x00000209fe823650, 0x00000209e60a9f30, 0x00000209feab3a00, 0x0000020980d33f20,
0x0000020980a7f910, 0x00000209810db0b0, 0x000002098067b310, 0x0000020980f06c30,
0x0000020980f056f0, 0x0000020980f066e0, 0x0000020980f06190, 0x0000020980f05c40,
0x0000020980f03710, 0x0000020980f03c60, 0x0000020980f041b0, 0x0000020980f04700,
0x0000020980f04c50, 0x0000020980f051a0, 0x0000020981578900, 0x00000209815798f0,
0x00000209815763d0, 0x0000020981576920, 0x0000020981579e40, 0x000002098157a8e0,
0x0000020981573ea0, 0x0000020981574940, 0x00000209815753e0, 0x000002098423ac40,
0x0000020982e78840, 0x0000020981574e90, 0x0000020981576e70, 0x0000020981573950,
0x00000209815783b0, 0x00000209815793a0, 0x0000020981578e50, 0x00000209815743f0
}

Java Threads: ( => current thread )
  0x00000209c9167a60 JavaThread "main" [_thread_blocked, id=10148, stack(0x0000002322b00000,0x0000002322c00000)]
  0x00000209fe80bd80 JavaThread "Reference Handler" daemon [_thread_blocked, id=2192, stack(0x0000002323200000,0x0000002323300000)]
  0x00000209fe80e8e0 JavaThread "Finalizer" daemon [_thread_blocked, id=2924, stack(0x0000002323300000,0x0000002323400000)]
  0x00000209fe80fc30 JavaThread "Signal Dispatcher" daemon [_thread_blocked, id=7800, stack(0x0000002323400000,0x0000002323500000)]
  0x00000209e60d8620 JavaThread "Attach Listener" daemon [_thread_blocked, id=15544, stack(0x0000002323500000,0x0000002323600000)]
  0x00000209e60daf70 JavaThread "Service Thread" daemon [_thread_blocked, id=13132, stack(0x0000002323600000,0x0000002323700000)]
  0x00000209fe816750 JavaThread "Monitor Deflation Thread" daemon [_thread_blocked, id=6596, stack(0x0000002323700000,0x0000002323800000)]
  0x00000209fe818cb0 JavaThread "C2 CompilerThread0" daemon [_thread_blocked, id=2604, stack(0x0000002323800000,0x0000002323900000)]
  0x00000209fe823650 JavaThread "C1 CompilerThread0" daemon [_thread_blocked, id=9688, stack(0x0000002323900000,0x0000002323a00000)]
  0x00000209e60a9f30 JavaThread "Common-Cleaner" daemon [_thread_blocked, id=15672, stack(0x0000002323a00000,0x0000002323b00000)]
  0x00000209feab3a00 JavaThread "Notification Thread" daemon [_thread_blocked, id=5460, stack(0x0000002323b00000,0x0000002323c00000)]
  0x0000020980d33f20 JavaThread "Daemon health stats" [_thread_blocked, id=372, stack(0x0000002324300000,0x0000002324400000)]
  0x0000020980a7f910 JavaThread "Incoming local TCP Connector on port 49637" [_thread_in_native, id=14360, stack(0x0000002324400000,0x0000002324500000)]
  0x00000209810db0b0 JavaThread "Daemon periodic checks" [_thread_blocked, id=7556, stack(0x0000002324500000,0x0000002324600000)]
  0x000002098067b310 JavaThread "Daemon" [_thread_blocked, id=1768, stack(0x0000002324600000,0x0000002324700000)]
  0x0000020980f06c30 JavaThread "Handler for socket connection from /127.0.0.1:49637 to /127.0.0.1:49638" [_thread_in_native, id=13384, stack(0x0000002324700000,0x0000002324800000)]
  0x0000020980f056f0 JavaThread "Cancel handler" [_thread_blocked, id=13184, stack(0x0000002324800000,0x0000002324900000)]
  0x0000020980f066e0 JavaThread "Daemon worker" [_thread_in_vm, id=10144, stack(0x0000002324900000,0x0000002324a00000)]
  0x0000020980f06190 JavaThread "Asynchronous log dispatcher for DefaultDaemonConnection: socket connection from /127.0.0.1:49637 to /127.0.0.1:49638" [_thread_blocked, id=352, stack(0x0000002324a00000,0x0000002324b00000)]
  0x0000020980f05c40 JavaThread "Stdin handler" [_thread_blocked, id=12632, stack(0x0000002324b00000,0x0000002324c00000)]
  0x0000020980f03710 JavaThread "Daemon client event forwarder" [_thread_blocked, id=9916, stack(0x0000002324c00000,0x0000002324d00000)]
  0x0000020980f03c60 JavaThread "Cache worker for journal cache (C:\Users\45819\.gradle\caches\journal-1)" [_thread_blocked, id=5336, stack(0x0000002323d00000,0x0000002323e00000)]
  0x0000020980f041b0 JavaThread "File lock request listener" [_thread_in_native, id=5424, stack(0x0000002324d00000,0x0000002324e00000)]
  0x0000020980f04700 JavaThread "Cache worker for file hash cache (C:\Users\45819\.gradle\caches\8.4\fileHashes)" [_thread_blocked, id=11420, stack(0x0000002324f00000,0x0000002325000000)]
  0x0000020980f04c50 JavaThread "File lock release action executor" [_thread_blocked, id=6736, stack(0x0000002325100000,0x0000002325200000)]
  0x0000020980f051a0 JavaThread "File watcher server" daemon [_thread_in_native, id=9220, stack(0x0000002325800000,0x0000002325900000)]
  0x0000020981578900 JavaThread "File watcher consumer" daemon [_thread_blocked, id=14968, stack(0x0000002325900000,0x0000002325a00000)]
  0x00000209815798f0 JavaThread "Cache worker for checksums cache (C:\Users\45819\IdeaProjects\spring-gift-product\.gradle\8.4\checksums)" [_thread_blocked, id=16204, stack(0x0000002325a00000,0x0000002325b00000)]
  0x00000209815763d0 JavaThread "Cache worker for file hash cache (C:\Users\45819\IdeaProjects\spring-gift-product\.gradle\8.4\fileHashes)" [_thread_blocked, id=9348, stack(0x0000002325b00000,0x0000002325c00000)]
  0x0000020981576920 JavaThread "Cache worker for cache directory md-supplier (C:\Users\45819\.gradle\caches\8.4\md-supplier)" [_thread_blocked, id=12504, stack(0x0000002325c00000,0x0000002325d00000)]
  0x0000020981579e40 JavaThread "Cache worker for file content cache (C:\Users\45819\.gradle\caches\8.4\fileContent)" [_thread_blocked, id=10716, stack(0x0000002325d00000,0x0000002325e00000)]
  0x000002098157a8e0 JavaThread "Cache worker for cache directory md-rule (C:\Users\45819\.gradle\caches\8.4\md-rule)" [_thread_blocked, id=8980, stack(0x0000002325e00000,0x0000002325f00000)]
  0x0000020981573ea0 JavaThread "Cache worker for execution history cache (C:\Users\45819\.gradle\caches\8.4\executionHistory)" [_thread_blocked, id=6652, stack(0x0000002325f00000,0x0000002326000000)]
  0x0000020981574940 JavaThread "jar transforms" [_thread_blocked, id=15388, stack(0x0000002326000000,0x0000002326100000)]
  0x00000209815753e0 JavaThread "jar transforms Thread 2" [_thread_blocked, id=12352, stack(0x0000002324e00000,0x0000002324f00000)]
  0x000002098423ac40 JavaThread "C2 CompilerThread1" daemon [_thread_blocked, id=2484, stack(0x0000002325000000,0x0000002325100000)]
=>0x0000020982e78840 JavaThread "C2 CompilerThread2" daemon [_thread_in_native, id=15048, stack(0x0000002326100000,0x0000002326200000)]
  0x0000020981574e90 JavaThread "jar transforms Thread 3" [_thread_blocked, id=356, stack(0x0000002326200000,0x0000002326300000)]
  0x0000020981576e70 JavaThread "jar transforms Thread 4" [_thread_blocked, id=14812, stack(0x0000002326300000,0x0000002326400000)]
  0x0000020981573950 JavaThread "jar transforms Thread 5" [_thread_blocked, id=16180, stack(0x0000002326400000,0x0000002326500000)]
  0x00000209815783b0 JavaThread "jar transforms Thread 6" [_thread_blocked, id=6240, stack(0x0000002326500000,0x0000002326600000)]
  0x00000209815793a0 JavaThread "jar transforms Thread 7" [_thread_blocked, id=7752, stack(0x0000002326600000,0x0000002326700000)]
  0x0000020981578e50 JavaThread "jar transforms Thread 8" [_thread_blocked, id=9528, stack(0x0000002326700000,0x0000002326800000)]
  0x00000209815743f0 JavaThread "Cache worker for dependencies-accessors (C:\Users\45819\IdeaProjects\spring-gift-product\.gradle\8.4\dependencies-accessors)" [_thread_blocked, id=14256, stack(0x0000002326800000,0x0000002326900000)]

Other Threads:
  0x00000209e60bcc10 VMThread "VM Thread" [stack: 0x0000002323100000,0x0000002323200000] [id=5332]
  0x00000209c9168860 WatcherThread "VM Periodic Task Thread" [stack: 0x0000002323c00000,0x0000002323d00000] [id=7764]
  0x00000209c9197550 WorkerThread "GC Thread#0" [stack: 0x0000002322c00000,0x0000002322d00000] [id=3184]
  0x00000209ff230a90 WorkerThread "GC Thread#1" [stack: 0x0000002323e00000,0x0000002323f00000] [id=15480]
  0x00000209ff2307c0 WorkerThread "GC Thread#2" [stack: 0x0000002323f00000,0x0000002324000000] [id=7188]
  0x00000209ff22f140 WorkerThread "GC Thread#3" [stack: 0x0000002324000000,0x0000002324100000] [id=14104]
  0x00000209ff22f9b0 WorkerThread "GC Thread#4" [stack: 0x0000002324100000,0x0000002324200000] [id=13596]
  0x00000209ff22ff50 WorkerThread "GC Thread#5" [stack: 0x0000002324200000,0x0000002324300000] [id=6852]
  0x00000209814c0ec0 WorkerThread "GC Thread#6" [stack: 0x0000002325200000,0x0000002325300000] [id=13708]
  0x00000209814c0bf0 WorkerThread "GC Thread#7" [stack: 0x0000002325300000,0x0000002325400000] [id=15088]
  0x00000209814bfb10 WorkerThread "GC Thread#8" [stack: 0x0000002325400000,0x0000002325500000] [id=11136]
  0x00000209814bd3b0 WorkerThread "GC Thread#9" [stack: 0x0000002325500000,0x0000002325600000] [id=7356]
  0x00000209c91ab510 ConcurrentGCThread "G1 Main Marker" [stack: 0x0000002322d00000,0x0000002322e00000] [id=10252]
  0x00000209c91ac5f0 WorkerThread "G1 Conc#0" [stack: 0x0000002322e00000,0x0000002322f00000] [id=11928]
  0x00000209814befd0 WorkerThread "G1 Conc#1" [stack: 0x0000002325600000,0x0000002325700000] [id=9004]
  0x00000209814bfde0 WorkerThread "G1 Conc#2" [stack: 0x0000002325700000,0x0000002325800000] [id=5932]
  0x00000209c922e900 ConcurrentGCThread "G1 Refine#0" [stack: 0x0000002322f00000,0x0000002323000000] [id=9028]
  0x00000209e5f76560 ConcurrentGCThread "G1 Service" [stack: 0x0000002323000000,0x0000002323100000] [id=6280]

Threads with active compile tasks:
C2 CompilerThread2     6784 4579       4       java.util.regex.Pattern::compile (537 bytes)

VM state: not at safepoint (normal execution)

VM Mutex/Monitor currently owned by a thread:  ([mutex/lock_event])
[0x00000209c9161930] Metaspace_lock - owner thread: 0x0000020980f066e0

Heap address: 0x00000000e0000000, size: 512 MB, Compressed Oops mode: 32-bit

CDS archive(s) mapped at: [0x00000209e6400000-0x00000209e7060000-0x00000209e7060000), size 12976128, SharedBaseAddress: 0x00000209e6400000, ArchiveRelocationMode: 1.
Compressed class space mapped at: 0x00000209e7400000-0x00000209fa800000, reserved size: 322961408
Narrow klass base: 0x00000209e6400000, Narrow klass shift: 0, Narrow klass range: 0x100000000

GC Precious Log:
 CardTable entry size: 512
 Card Set container configuration: InlinePtr #cards 5 size 8 Array Of Cards #cards 12 size 40 Howl #buckets 4 coarsen threshold 1843 Howl Bitmap #cards 512 size 80 coarsen threshold 460 Card regions per heap region 1 cards per card region 2048
 CPUs: 12 total, 12 available
 Memory: 8040M
 Large Page Support: Disabled
 NUMA Support: Disabled
 Compressed Oops: Enabled (32-bit)
 Heap Region Size: 1M
 Heap Min Capacity: 256M
 Heap Initial Capacity: 256M
 Heap Max Capacity: 512M
 Pre-touch: Disabled
 Parallel Workers: 10
 Concurrent Workers: 3
 Concurrent Refinement Workers: 10
 Periodic GC: Disabled

Heap:
 garbage-first heap   total 262144K, used 73765K [0x00000000e0000000, 0x0000000100000000)
  region size 1024K, 49 young (50176K), 8 survivors (8192K)
 Metaspace       used 40130K, committed 41408K, reserved 380928K
  class space    used 5620K, committed 6272K, reserved 315392K

Heap Regions: E=young(eden), S=young(survivor), O=old, HS=humongous(starts), HC=humongous(continues), CS=collection set, F=free, OA=open archive, CA=closed archive, TAMS=top-at-mark-start, PB=parsable bottom
|   0|0x00000000e0000000, 0x00000000e0100000, 0x00000000e0100000|100%|HS|  |TAMS 0x00000000e0000000| PB 0x00000000e0000000| Complete 
|   1|0x00000000e0100000, 0x00000000e0200000, 0x00000000e0200000|100%|HC|  |TAMS 0x00000000e0100000| PB 0x00000000e0100000| Complete 
|   2|0x00000000e0200000, 0x00000000e0300000, 0x00000000e0300000|100%|HC|  |TAMS 0x00000000e0200000| PB 0x00000000e0200000| Complete 
|   3|0x00000000e0300000, 0x00000000e0400000, 0x00000000e0400000|100%|HC|  |TAMS 0x00000000e0300000| PB 0x00000000e0300000| Complete 
|   4|0x00000000e0400000, 0x00000000e0500000, 0x00000000e0500000|100%| O|  |TAMS 0x00000000e0400000| PB 0x00000000e0400000| Untracked 
|   5|0x00000000e0500000, 0x00000000e0600000, 0x00000000e0600000|100%|HS|  |TAMS 0x00000000e0500000| PB 0x00000000e0500000| Complete 
|   6|0x00000000e0600000, 0x00000000e0700000, 0x00000000e0700000|100%| O|  |TAMS 0x00000000e0600000| PB 0x00000000e0600000| Untracked 
|   7|0x00000000e0700000, 0x00000000e0800000, 0x00000000e0800000|100%| O|  |TAMS 0x00000000e0700000| PB 0x00000000e0700000| Untracked 
|   8|0x00000000e0800000, 0x00000000e0900000, 0x00000000e0900000|100%| O|  |TAMS 0x00000000e0800000| PB 0x00000000e0800000| Complete 
|   9|0x00000000e0900000, 0x00000000e0a00000, 0x00000000e0a00000|100%| O|  |TAMS 0x00000000e0900000| PB 0x00000000e0900000| Untracked 
|  10|0x00000000e0a00000, 0x00000000e0b00000, 0x00000000e0b00000|100%| O|  |TAMS 0x00000000e0a00000| PB 0x00000000e0a00000| Untracked 
|  11|0x00000000e0b00000, 0x00000000e0c00000, 0x00000000e0c00000|100%| O|  |TAMS 0x00000000e0b00000| PB 0x00000000e0b00000| Untracked 
|  12|0x00000000e0c00000, 0x00000000e0d00000, 0x00000000e0d00000|100%|HS|  |TAMS 0x00000000e0c00000| PB 0x00000000e0c00000| Complete 
|  13|0x00000000e0d00000, 0x00000000e0d00000, 0x00000000e0e00000|  0%| F|  |TAMS 0x00000000e0d00000| PB 0x00000000e0d00000| Untracked 
|  14|0x00000000e0e00000, 0x00000000e0e55600, 0x00000000e0f00000| 33%| O|  |TAMS 0x00000000e0e00000| PB 0x00000000e0e00000| Untracked 
|  15|0x00000000e0f00000, 0x00000000e0f00000, 0x00000000e1000000|  0%| F|  |TAMS 0x00000000e0f00000| PB 0x00000000e0f00000| Untracked 
|  16|0x00000000e1000000, 0x00000000e1100000, 0x00000000e1100000|100%| O|  |TAMS 0x00000000e1000000| PB 0x00000000e1000000| Untracked 
|  17|0x00000000e1100000, 0x00000000e1200000, 0x00000000e1200000|100%| O|  |TAMS 0x00000000e1100000| PB 0x00000000e1100000| Untracked 
|  18|0x00000000e1200000, 0x00000000e1300000, 0x00000000e1300000|100%| O|  |TAMS 0x00000000e1200000| PB 0x00000000e1200000| Untracked 
|  19|0x00000000e1300000, 0x00000000e1400000, 0x00000000e1400000|100%| O|  |TAMS 0x00000000e1300000| PB 0x00000000e1300000| Untracked 
|  20|0x00000000e1400000, 0x00000000e1500000, 0x00000000e1500000|100%| O|  |TAMS 0x00000000e1400000| PB 0x00000000e1400000| Untracked 
|  21|0x00000000e1500000, 0x00000000e1600000, 0x00000000e1600000|100%| O|  |TAMS 0x00000000e1500000| PB 0x00000000e1500000| Untracked 
|  22|0x00000000e1600000, 0x00000000e1700000, 0x00000000e1700000|100%| O|  |TAMS 0x00000000e1600000| PB 0x00000000e1600000| Untracked 
|  23|0x00000000e1700000, 0x00000000e1800000, 0x00000000e1800000|100%| O|  |TAMS 0x00000000e1700000| PB 0x00000000e1700000| Untracked 
|  24|0x00000000e1800000, 0x00000000e1900000, 0x00000000e1900000|100%| O|  |TAMS 0x00000000e1800000| PB 0x00000000e1800000| Untracked 
|  25|0x00000000e1900000, 0x00000000e1a00000, 0x00000000e1a00000|100%| O|  |TAMS 0x00000000e1900000| PB 0x00000000e1900000| Untracked 
|  26|0x00000000e1a00000, 0x00000000e1b00000, 0x00000000e1b00000|100%| O|  |TAMS 0x00000000e1a00000| PB 0x00000000e1a00000| Untracked 
|  27|0x00000000e1b00000, 0x00000000e1c00000, 0x00000000e1c00000|100%| O|  |TAMS 0x00000000e1b00000| PB 0x00000000e1b00000| Untracked 
|  28|0x00000000e1c00000, 0x00000000e1c00000, 0x00000000e1d00000|  0%| F|  |TAMS 0x00000000e1c00000| PB 0x00000000e1c00000| Untracked 
|  29|0x00000000e1d00000, 0x00000000e1d00000, 0x00000000e1e00000|  0%| F|  |TAMS 0x00000000e1d00000| PB 0x00000000e1d00000| Untracked 
|  30|0x00000000e1e00000, 0x00000000e1e00000, 0x00000000e1f00000|  0%| F|  |TAMS 0x00000000e1e00000| PB 0x00000000e1e00000| Untracked 
|  31|0x00000000e1f00000, 0x00000000e1f00000, 0x00000000e2000000|  0%| F|  |TAMS 0x00000000e1f00000| PB 0x00000000e1f00000| Untracked 
|  32|0x00000000e2000000, 0x00000000e2000000, 0x00000000e2100000|  0%| F|  |TAMS 0x00000000e2000000| PB 0x00000000e2000000| Untracked 
|  33|0x00000000e2100000, 0x00000000e2100000, 0x00000000e2200000|  0%| F|  |TAMS 0x00000000e2100000| PB 0x00000000e2100000| Untracked 
|  34|0x00000000e2200000, 0x00000000e2200000, 0x00000000e2300000|  0%| F|  |TAMS 0x00000000e2200000| PB 0x00000000e2200000| Untracked 
|  35|0x00000000e2300000, 0x00000000e2300000, 0x00000000e2400000|  0%| F|  |TAMS 0x00000000e2300000| PB 0x00000000e2300000| Untracked 
|  36|0x00000000e2400000, 0x00000000e2400000, 0x00000000e2500000|  0%| F|  |TAMS 0x00000000e2400000| PB 0x00000000e2400000| Untracked 
|  37|0x00000000e2500000, 0x00000000e2500000, 0x00000000e2600000|  0%| F|  |TAMS 0x00000000e2500000| PB 0x00000000e2500000| Untracked 
|  38|0x00000000e2600000, 0x00000000e2600000, 0x00000000e2700000|  0%| F|  |TAMS 0x00000000e2600000| PB 0x00000000e2600000| Untracked 
|  39|0x00000000e2700000, 0x00000000e2700000, 0x00000000e2800000|  0%| F|  |TAMS 0x00000000e2700000| PB 0x00000000e2700000| Untracked 
|  40|0x00000000e2800000, 0x00000000e2800000, 0x00000000e2900000|  0%| F|  |TAMS 0x00000000e2800000| PB 0x00000000e2800000| Untracked 
|  41|0x00000000e2900000, 0x00000000e2900000, 0x00000000e2a00000|  0%| F|  |TAMS 0x00000000e2900000| PB 0x00000000e2900000| Untracked 
|  42|0x00000000e2a00000, 0x00000000e2a00000, 0x00000000e2b00000|  0%| F|  |TAMS 0x00000000e2a00000| PB 0x00000000e2a00000| Untracked 
|  43|0x00000000e2b00000, 0x00000000e2b00000, 0x00000000e2c00000|  0%| F|  |TAMS 0x00000000e2b00000| PB 0x00000000e2b00000| Untracked 
|  44|0x00000000e2c00000, 0x00000000e2c00000, 0x00000000e2d00000|  0%| F|  |TAMS 0x00000000e2c00000| PB 0x00000000e2c00000| Untracked 
|  45|0x00000000e2d00000, 0x00000000e2d00000, 0x00000000e2e00000|  0%| F|  |TAMS 0x00000000e2d00000| PB 0x00000000e2d00000| Untracked 
|  46|0x00000000e2e00000, 0x00000000e2e00000, 0x00000000e2f00000|  0%| F|  |TAMS 0x00000000e2e00000| PB 0x00000000e2e00000| Untracked 
|  47|0x00000000e2f00000, 0x00000000e2f00000, 0x00000000e3000000|  0%| F|  |TAMS 0x00000000e2f00000| PB 0x00000000e2f00000| Untracked 
|  48|0x00000000e3000000, 0x00000000e3000000, 0x00000000e3100000|  0%| F|  |TAMS 0x00000000e3000000| PB 0x00000000e3000000| Untracked 
|  49|0x00000000e3100000, 0x00000000e3100000, 0x00000000e3200000|  0%| F|  |TAMS 0x00000000e3100000| PB 0x00000000e3100000| Untracked 
|  50|0x00000000e3200000, 0x00000000e3200000, 0x00000000e3300000|  0%| F|  |TAMS 0x00000000e3200000| PB 0x00000000e3200000| Untracked 
|  51|0x00000000e3300000, 0x00000000e3300000, 0x00000000e3400000|  0%| F|  |TAMS 0x00000000e3300000| PB 0x00000000e3300000| Untracked 
|  52|0x00000000e3400000, 0x00000000e3400000, 0x00000000e3500000|  0%| F|  |TAMS 0x00000000e3400000| PB 0x00000000e3400000| Untracked 
|  53|0x00000000e3500000, 0x00000000e3500000, 0x00000000e3600000|  0%| F|  |TAMS 0x00000000e3500000| PB 0x00000000e3500000| Untracked 
|  54|0x00000000e3600000, 0x00000000e3600000, 0x00000000e3700000|  0%| F|  |TAMS 0x00000000e3600000| PB 0x00000000e3600000| Untracked 
|  55|0x00000000e3700000, 0x00000000e3700000, 0x00000000e3800000|  0%| F|  |TAMS 0x00000000e3700000| PB 0x00000000e3700000| Untracked 
|  56|0x00000000e3800000, 0x00000000e3800000, 0x00000000e3900000|  0%| F|  |TAMS 0x00000000e3800000| PB 0x00000000e3800000| Untracked 
|  57|0x00000000e3900000, 0x00000000e3900000, 0x00000000e3a00000|  0%| F|  |TAMS 0x00000000e3900000| PB 0x00000000e3900000| Untracked 
|  58|0x00000000e3a00000, 0x00000000e3a00000, 0x00000000e3b00000|  0%| F|  |TAMS 0x00000000e3a00000| PB 0x00000000e3a00000| Untracked 
|  59|0x00000000e3b00000, 0x00000000e3b00000, 0x00000000e3c00000|  0%| F|  |TAMS 0x00000000e3b00000| PB 0x00000000e3b00000| Untracked 
|  60|0x00000000e3c00000, 0x00000000e3c00000, 0x00000000e3d00000|  0%| F|  |TAMS 0x00000000e3c00000| PB 0x00000000e3c00000| Untracked 
|  61|0x00000000e3d00000, 0x00000000e3d00000, 0x00000000e3e00000|  0%| F|  |TAMS 0x00000000e3d00000| PB 0x00000000e3d00000| Untracked 
|  62|0x00000000e3e00000, 0x00000000e3e00000, 0x00000000e3f00000|  0%| F|  |TAMS 0x00000000e3e00000| PB 0x00000000e3e00000| Untracked 
|  63|0x00000000e3f00000, 0x00000000e3f00000, 0x00000000e4000000|  0%| F|  |TAMS 0x00000000e3f00000| PB 0x00000000e3f00000| Untracked 
|  64|0x00000000e4000000, 0x00000000e4000000, 0x00000000e4100000|  0%| F|  |TAMS 0x00000000e4000000| PB 0x00000000e4000000| Untracked 
|  65|0x00000000e4100000, 0x00000000e4100000, 0x00000000e4200000|  0%| F|  |TAMS 0x00000000e4100000| PB 0x00000000e4100000| Untracked 
|  66|0x00000000e4200000, 0x00000000e4200000, 0x00000000e4300000|  0%| F|  |TAMS 0x00000000e4200000| PB 0x00000000e4200000| Untracked 
|  67|0x00000000e4300000, 0x00000000e4300000, 0x00000000e4400000|  0%| F|  |TAMS 0x00000000e4300000| PB 0x00000000e4300000| Untracked 
|  68|0x00000000e4400000, 0x00000000e4400000, 0x00000000e4500000|  0%| F|  |TAMS 0x00000000e4400000| PB 0x00000000e4400000| Untracked 
|  69|0x00000000e4500000, 0x00000000e4500000, 0x00000000e4600000|  0%| F|  |TAMS 0x00000000e4500000| PB 0x00000000e4500000| Untracked 
|  70|0x00000000e4600000, 0x00000000e4600000, 0x00000000e4700000|  0%| F|  |TAMS 0x00000000e4600000| PB 0x00000000e4600000| Untracked 
|  71|0x00000000e4700000, 0x00000000e4700000, 0x00000000e4800000|  0%| F|  |TAMS 0x00000000e4700000| PB 0x00000000e4700000| Untracked 
|  72|0x00000000e4800000, 0x00000000e4800000, 0x00000000e4900000|  0%| F|  |TAMS 0x00000000e4800000| PB 0x00000000e4800000| Untracked 
|  73|0x00000000e4900000, 0x00000000e4900000, 0x00000000e4a00000|  0%| F|  |TAMS 0x00000000e4900000| PB 0x00000000e4900000| Untracked 
|  74|0x00000000e4a00000, 0x00000000e4a00000, 0x00000000e4b00000|  0%| F|  |TAMS 0x00000000e4a00000| PB 0x00000000e4a00000| Untracked 
|  75|0x00000000e4b00000, 0x00000000e4b00000, 0x00000000e4c00000|  0%| F|  |TAMS 0x00000000e4b00000| PB 0x00000000e4b00000| Untracked 
|  76|0x00000000e4c00000, 0x00000000e4c00000, 0x00000000e4d00000|  0%| F|  |TAMS 0x00000000e4c00000| PB 0x00000000e4c00000| Untracked 
|  77|0x00000000e4d00000, 0x00000000e4d00000, 0x00000000e4e00000|  0%| F|  |TAMS 0x00000000e4d00000| PB 0x00000000e4d00000| Untracked 
|  78|0x00000000e4e00000, 0x00000000e4e00000, 0x00000000e4f00000|  0%| F|  |TAMS 0x00000000e4e00000| PB 0x00000000e4e00000| Untracked 
|  79|0x00000000e4f00000, 0x00000000e4f00000, 0x00000000e5000000|  0%| F|  |TAMS 0x00000000e4f00000| PB 0x00000000e4f00000| Untracked 
|  80|0x00000000e5000000, 0x00000000e5000000, 0x00000000e5100000|  0%| F|  |TAMS 0x00000000e5000000| PB 0x00000000e5000000| Untracked 
|  81|0x00000000e5100000, 0x00000000e5100000, 0x00000000e5200000|  0%| F|  |TAMS 0x00000000e5100000| PB 0x00000000e5100000| Untracked 
|  82|0x00000000e5200000, 0x00000000e5200000, 0x00000000e5300000|  0%| F|  |TAMS 0x00000000e5200000| PB 0x00000000e5200000| Untracked 
|  83|0x00000000e5300000, 0x00000000e5300000, 0x00000000e5400000|  0%| F|  |TAMS 0x00000000e5300000| PB 0x00000000e5300000| Untracked 
|  84|0x00000000e5400000, 0x00000000e5400000, 0x00000000e5500000|  0%| F|  |TAMS 0x00000000e5400000| PB 0x00000000e5400000| Untracked 
|  85|0x00000000e5500000, 0x00000000e5500000, 0x00000000e5600000|  0%| F|  |TAMS 0x00000000e5500000| PB 0x00000000e5500000| Untracked 
|  86|0x00000000e5600000, 0x00000000e5600000, 0x00000000e5700000|  0%| F|  |TAMS 0x00000000e5600000| PB 0x00000000e5600000| Untracked 
|  87|0x00000000e5700000, 0x00000000e5700000, 0x00000000e5800000|  0%| F|  |TAMS 0x00000000e5700000| PB 0x00000000e5700000| Untracked 
|  88|0x00000000e5800000, 0x00000000e5800000, 0x00000000e5900000|  0%| F|  |TAMS 0x00000000e5800000| PB 0x00000000e5800000| Untracked 
|  89|0x00000000e5900000, 0x00000000e5900000, 0x00000000e5a00000|  0%| F|  |TAMS 0x00000000e5900000| PB 0x00000000e5900000| Untracked 
|  90|0x00000000e5a00000, 0x00000000e5a00000, 0x00000000e5b00000|  0%| F|  |TAMS 0x00000000e5a00000| PB 0x00000000e5a00000| Untracked 
|  91|0x00000000e5b00000, 0x00000000e5b00000, 0x00000000e5c00000|  0%| F|  |TAMS 0x00000000e5b00000| PB 0x00000000e5b00000| Untracked 
|  92|0x00000000e5c00000, 0x00000000e5c00000, 0x00000000e5d00000|  0%| F|  |TAMS 0x00000000e5c00000| PB 0x00000000e5c00000| Untracked 
|  93|0x00000000e5d00000, 0x00000000e5d00000, 0x00000000e5e00000|  0%| F|  |TAMS 0x00000000e5d00000| PB 0x00000000e5d00000| Untracked 
|  94|0x00000000e5e00000, 0x00000000e5e00000, 0x00000000e5f00000|  0%| F|  |TAMS 0x00000000e5e00000| PB 0x00000000e5e00000| Untracked 
|  95|0x00000000e5f00000, 0x00000000e5f00000, 0x00000000e6000000|  0%| F|  |TAMS 0x00000000e5f00000| PB 0x00000000e5f00000| Untracked 
|  96|0x00000000e6000000, 0x00000000e6000000, 0x00000000e6100000|  0%| F|  |TAMS 0x00000000e6000000| PB 0x00000000e6000000| Untracked 
|  97|0x00000000e6100000, 0x00000000e6100000, 0x00000000e6200000|  0%| F|  |TAMS 0x00000000e6100000| PB 0x00000000e6100000| Untracked 
|  98|0x00000000e6200000, 0x00000000e6200000, 0x00000000e6300000|  0%| F|  |TAMS 0x00000000e6200000| PB 0x00000000e6200000| Untracked 
|  99|0x00000000e6300000, 0x00000000e6300000, 0x00000000e6400000|  0%| F|  |TAMS 0x00000000e6300000| PB 0x00000000e6300000| Untracked 
| 100|0x00000000e6400000, 0x00000000e6400000, 0x00000000e6500000|  0%| F|  |TAMS 0x00000000e6400000| PB 0x00000000e6400000| Untracked 
| 101|0x00000000e6500000, 0x00000000e6500000, 0x00000000e6600000|  0%| F|  |TAMS 0x00000000e6500000| PB 0x00000000e6500000| Untracked 
| 102|0x00000000e6600000, 0x00000000e6600000, 0x00000000e6700000|  0%| F|  |TAMS 0x00000000e6600000| PB 0x00000000e6600000| Untracked 
| 103|0x00000000e6700000, 0x00000000e6700000, 0x00000000e6800000|  0%| F|  |TAMS 0x00000000e6700000| PB 0x00000000e6700000| Untracked 
| 104|0x00000000e6800000, 0x00000000e6800000, 0x00000000e6900000|  0%| F|  |TAMS 0x00000000e6800000| PB 0x00000000e6800000| Untracked 
| 105|0x00000000e6900000, 0x00000000e6900000, 0x00000000e6a00000|  0%| F|  |TAMS 0x00000000e6900000| PB 0x00000000e6900000| Untracked 
| 106|0x00000000e6a00000, 0x00000000e6a00000, 0x00000000e6b00000|  0%| F|  |TAMS 0x00000000e6a00000| PB 0x00000000e6a00000| Untracked 
| 107|0x00000000e6b00000, 0x00000000e6b00000, 0x00000000e6c00000|  0%| F|  |TAMS 0x00000000e6b00000| PB 0x00000000e6b00000| Untracked 
| 108|0x00000000e6c00000, 0x00000000e6c00000, 0x00000000e6d00000|  0%| F|  |TAMS 0x00000000e6c00000| PB 0x00000000e6c00000| Untracked 
| 109|0x00000000e6d00000, 0x00000000e6d00000, 0x00000000e6e00000|  0%| F|  |TAMS 0x00000000e6d00000| PB 0x00000000e6d00000| Untracked 
| 110|0x00000000e6e00000, 0x00000000e6e00000, 0x00000000e6f00000|  0%| F|  |TAMS 0x00000000e6e00000| PB 0x00000000e6e00000| Untracked 
| 111|0x00000000e6f00000, 0x00000000e6f00000, 0x00000000e7000000|  0%| F|  |TAMS 0x00000000e6f00000| PB 0x00000000e6f00000| Untracked 
| 112|0x00000000e7000000, 0x00000000e7000000, 0x00000000e7100000|  0%| F|  |TAMS 0x00000000e7000000| PB 0x00000000e7000000| Untracked 
| 113|0x00000000e7100000, 0x00000000e7100000, 0x00000000e7200000|  0%| F|  |TAMS 0x00000000e7100000| PB 0x00000000e7100000| Untracked 
| 114|0x00000000e7200000, 0x00000000e7200000, 0x00000000e7300000|  0%| F|  |TAMS 0x00000000e7200000| PB 0x00000000e7200000| Untracked 
| 115|0x00000000e7300000, 0x00000000e7300000, 0x00000000e7400000|  0%| F|  |TAMS 0x00000000e7300000| PB 0x00000000e7300000| Untracked 
| 116|0x00000000e7400000, 0x00000000e7400000, 0x00000000e7500000|  0%| F|  |TAMS 0x00000000e7400000| PB 0x00000000e7400000| Untracked 
| 117|0x00000000e7500000, 0x00000000e7500000, 0x00000000e7600000|  0%| F|  |TAMS 0x00000000e7500000| PB 0x00000000e7500000| Untracked 
| 118|0x00000000e7600000, 0x00000000e7600000, 0x00000000e7700000|  0%| F|  |TAMS 0x00000000e7600000| PB 0x00000000e7600000| Untracked 
| 119|0x00000000e7700000, 0x00000000e7700000, 0x00000000e7800000|  0%| F|  |TAMS 0x00000000e7700000| PB 0x00000000e7700000| Untracked 
| 120|0x00000000e7800000, 0x00000000e7800000, 0x00000000e7900000|  0%| F|  |TAMS 0x00000000e7800000| PB 0x00000000e7800000| Untracked 
| 121|0x00000000e7900000, 0x00000000e7900000, 0x00000000e7a00000|  0%| F|  |TAMS 0x00000000e7900000| PB 0x00000000e7900000| Untracked 
| 122|0x00000000e7a00000, 0x00000000e7a00000, 0x00000000e7b00000|  0%| F|  |TAMS 0x00000000e7a00000| PB 0x00000000e7a00000| Untracked 
| 123|0x00000000e7b00000, 0x00000000e7b00000, 0x00000000e7c00000|  0%| F|  |TAMS 0x00000000e7b00000| PB 0x00000000e7b00000| Untracked 
| 124|0x00000000e7c00000, 0x00000000e7c00000, 0x00000000e7d00000|  0%| F|  |TAMS 0x00000000e7c00000| PB 0x00000000e7c00000| Untracked 
| 125|0x00000000e7d00000, 0x00000000e7d00000, 0x00000000e7e00000|  0%| F|  |TAMS 0x00000000e7d00000| PB 0x00000000e7d00000| Untracked 
| 126|0x00000000e7e00000, 0x00000000e7e00000, 0x00000000e7f00000|  0%| F|  |TAMS 0x00000000e7e00000| PB 0x00000000e7e00000| Untracked 
| 127|0x00000000e7f00000, 0x00000000e7f00000, 0x00000000e8000000|  0%| F|  |TAMS 0x00000000e7f00000| PB 0x00000000e7f00000| Untracked 
| 128|0x00000000e8000000, 0x00000000e8000000, 0x00000000e8100000|  0%| F|  |TAMS 0x00000000e8000000| PB 0x00000000e8000000| Untracked 
| 129|0x00000000e8100000, 0x00000000e8100000, 0x00000000e8200000|  0%| F|  |TAMS 0x00000000e8100000| PB 0x00000000e8100000| Untracked 
| 130|0x00000000e8200000, 0x00000000e8200000, 0x00000000e8300000|  0%| F|  |TAMS 0x00000000e8200000| PB 0x00000000e8200000| Untracked 
| 131|0x00000000e8300000, 0x00000000e8300000, 0x00000000e8400000|  0%| F|  |TAMS 0x00000000e8300000| PB 0x00000000e8300000| Untracked 
| 132|0x00000000e8400000, 0x00000000e8400000, 0x00000000e8500000|  0%| F|  |TAMS 0x00000000e8400000| PB 0x00000000e8400000| Untracked 
| 133|0x00000000e8500000, 0x00000000e8500000, 0x00000000e8600000|  0%| F|  |TAMS 0x00000000e8500000| PB 0x00000000e8500000| Untracked 
| 134|0x00000000e8600000, 0x00000000e8600000, 0x00000000e8700000|  0%| F|  |TAMS 0x00000000e8600000| PB 0x00000000e8600000| Untracked 
| 135|0x00000000e8700000, 0x00000000e8700000, 0x00000000e8800000|  0%| F|  |TAMS 0x00000000e8700000| PB 0x00000000e8700000| Untracked 
| 136|0x00000000e8800000, 0x00000000e8800000, 0x00000000e8900000|  0%| F|  |TAMS 0x00000000e8800000| PB 0x00000000e8800000| Untracked 
| 137|0x00000000e8900000, 0x00000000e8900000, 0x00000000e8a00000|  0%| F|  |TAMS 0x00000000e8900000| PB 0x00000000e8900000| Untracked 
| 138|0x00000000e8a00000, 0x00000000e8a00000, 0x00000000e8b00000|  0%| F|  |TAMS 0x00000000e8a00000| PB 0x00000000e8a00000| Untracked 
| 139|0x00000000e8b00000, 0x00000000e8b00000, 0x00000000e8c00000|  0%| F|  |TAMS 0x00000000e8b00000| PB 0x00000000e8b00000| Untracked 
| 140|0x00000000e8c00000, 0x00000000e8c00000, 0x00000000e8d00000|  0%| F|  |TAMS 0x00000000e8c00000| PB 0x00000000e8c00000| Untracked 
| 141|0x00000000e8d00000, 0x00000000e8d00000, 0x00000000e8e00000|  0%| F|  |TAMS 0x00000000e8d00000| PB 0x00000000e8d00000| Untracked 
| 142|0x00000000e8e00000, 0x00000000e8e00000, 0x00000000e8f00000|  0%| F|  |TAMS 0x00000000e8e00000| PB 0x00000000e8e00000| Untracked 
| 143|0x00000000e8f00000, 0x00000000e8f00000, 0x00000000e9000000|  0%| F|  |TAMS 0x00000000e8f00000| PB 0x00000000e8f00000| Untracked 
| 144|0x00000000e9000000, 0x00000000e9000000, 0x00000000e9100000|  0%| F|  |TAMS 0x00000000e9000000| PB 0x00000000e9000000| Untracked 
| 145|0x00000000e9100000, 0x00000000e9100000, 0x00000000e9200000|  0%| F|  |TAMS 0x00000000e9100000| PB 0x00000000e9100000| Untracked 
| 146|0x00000000e9200000, 0x00000000e9200000, 0x00000000e9300000|  0%| F|  |TAMS 0x00000000e9200000| PB 0x00000000e9200000| Untracked 
| 147|0x00000000e9300000, 0x00000000e9300000, 0x00000000e9400000|  0%| F|  |TAMS 0x00000000e9300000| PB 0x00000000e9300000| Untracked 
| 148|0x00000000e9400000, 0x00000000e9400000, 0x00000000e9500000|  0%| F|  |TAMS 0x00000000e9400000| PB 0x00000000e9400000| Untracked 
| 149|0x00000000e9500000, 0x00000000e9500000, 0x00000000e9600000|  0%| F|  |TAMS 0x00000000e9500000| PB 0x00000000e9500000| Untracked 
| 150|0x00000000e9600000, 0x00000000e9600000, 0x00000000e9700000|  0%| F|  |TAMS 0x00000000e9600000| PB 0x00000000e9600000| Untracked 
| 151|0x00000000e9700000, 0x00000000e9700000, 0x00000000e9800000|  0%| F|  |TAMS 0x00000000e9700000| PB 0x00000000e9700000| Untracked 
| 152|0x00000000e9800000, 0x00000000e9800000, 0x00000000e9900000|  0%| F|  |TAMS 0x00000000e9800000| PB 0x00000000e9800000| Untracked 
| 153|0x00000000e9900000, 0x00000000e9900000, 0x00000000e9a00000|  0%| F|  |TAMS 0x00000000e9900000| PB 0x00000000e9900000| Untracked 
| 154|0x00000000e9a00000, 0x00000000e9a00000, 0x00000000e9b00000|  0%| F|  |TAMS 0x00000000e9a00000| PB 0x00000000e9a00000| Untracked 
| 155|0x00000000e9b00000, 0x00000000e9b00000, 0x00000000e9c00000|  0%| F|  |TAMS 0x00000000e9b00000| PB 0x00000000e9b00000| Untracked 
| 156|0x00000000e9c00000, 0x00000000e9c00000, 0x00000000e9d00000|  0%| F|  |TAMS 0x00000000e9c00000| PB 0x00000000e9c00000| Untracked 
| 157|0x00000000e9d00000, 0x00000000e9d00000, 0x00000000e9e00000|  0%| F|  |TAMS 0x00000000e9d00000| PB 0x00000000e9d00000| Untracked 
| 158|0x00000000e9e00000, 0x00000000e9e00000, 0x00000000e9f00000|  0%| F|  |TAMS 0x00000000e9e00000| PB 0x00000000e9e00000| Untracked 
| 159|0x00000000e9f00000, 0x00000000e9f00000, 0x00000000ea000000|  0%| F|  |TAMS 0x00000000e9f00000| PB 0x00000000e9f00000| Untracked 
| 160|0x00000000ea000000, 0x00000000ea000000, 0x00000000ea100000|  0%| F|  |TAMS 0x00000000ea000000| PB 0x00000000ea000000| Untracked 
| 161|0x00000000ea100000, 0x00000000ea100000, 0x00000000ea200000|  0%| F|  |TAMS 0x00000000ea100000| PB 0x00000000ea100000| Untracked 
| 162|0x00000000ea200000, 0x00000000ea200000, 0x00000000ea300000|  0%| F|  |TAMS 0x00000000ea200000| PB 0x00000000ea200000| Untracked 
| 163|0x00000000ea300000, 0x00000000ea300000, 0x00000000ea400000|  0%| F|  |TAMS 0x00000000ea300000| PB 0x00000000ea300000| Untracked 
| 164|0x00000000ea400000, 0x00000000ea400000, 0x00000000ea500000|  0%| F|  |TAMS 0x00000000ea400000| PB 0x00000000ea400000| Untracked 
| 165|0x00000000ea500000, 0x00000000ea500000, 0x00000000ea600000|  0%| F|  |TAMS 0x00000000ea500000| PB 0x00000000ea500000| Untracked 
| 166|0x00000000ea600000, 0x00000000ea600000, 0x00000000ea700000|  0%| F|  |TAMS 0x00000000ea600000| PB 0x00000000ea600000| Untracked 
| 167|0x00000000ea700000, 0x00000000ea700000, 0x00000000ea800000|  0%| F|  |TAMS 0x00000000ea700000| PB 0x00000000ea700000| Untracked 
| 168|0x00000000ea800000, 0x00000000ea800000, 0x00000000ea900000|  0%| F|  |TAMS 0x00000000ea800000| PB 0x00000000ea800000| Untracked 
| 169|0x00000000ea900000, 0x00000000ea900000, 0x00000000eaa00000|  0%| F|  |TAMS 0x00000000ea900000| PB 0x00000000ea900000| Untracked 
| 170|0x00000000eaa00000, 0x00000000eaa00000, 0x00000000eab00000|  0%| F|  |TAMS 0x00000000eaa00000| PB 0x00000000eaa00000| Untracked 
| 171|0x00000000eab00000, 0x00000000eab00000, 0x00000000eac00000|  0%| F|  |TAMS 0x00000000eab00000| PB 0x00000000eab00000| Untracked 
| 172|0x00000000eac00000, 0x00000000eac00000, 0x00000000ead00000|  0%| F|  |TAMS 0x00000000eac00000| PB 0x00000000eac00000| Untracked 
| 173|0x00000000ead00000, 0x00000000ead00000, 0x00000000eae00000|  0%| F|  |TAMS 0x00000000ead00000| PB 0x00000000ead00000| Untracked 
| 174|0x00000000eae00000, 0x00000000eae00000, 0x00000000eaf00000|  0%| F|  |TAMS 0x00000000eae00000| PB 0x00000000eae00000| Untracked 
| 175|0x00000000eaf00000, 0x00000000eaf00000, 0x00000000eb000000|  0%| F|  |TAMS 0x00000000eaf00000| PB 0x00000000eaf00000| Untracked 
| 176|0x00000000eb000000, 0x00000000eb000000, 0x00000000eb100000|  0%| F|  |TAMS 0x00000000eb000000| PB 0x00000000eb000000| Untracked 
| 177|0x00000000eb100000, 0x00000000eb100000, 0x00000000eb200000|  0%| F|  |TAMS 0x00000000eb100000| PB 0x00000000eb100000| Untracked 
| 178|0x00000000eb200000, 0x00000000eb200000, 0x00000000eb300000|  0%| F|  |TAMS 0x00000000eb200000| PB 0x00000000eb200000| Untracked 
| 179|0x00000000eb300000, 0x00000000eb300000, 0x00000000eb400000|  0%| F|  |TAMS 0x00000000eb300000| PB 0x00000000eb300000| Untracked 
| 180|0x00000000eb400000, 0x00000000eb400000, 0x00000000eb500000|  0%| F|  |TAMS 0x00000000eb400000| PB 0x00000000eb400000| Untracked 
| 181|0x00000000eb500000, 0x00000000eb500000, 0x00000000eb600000|  0%| F|  |TAMS 0x00000000eb500000| PB 0x00000000eb500000| Untracked 
| 182|0x00000000eb600000, 0x00000000eb600000, 0x00000000eb700000|  0%| F|  |TAMS 0x00000000eb600000| PB 0x00000000eb600000| Untracked 
| 183|0x00000000eb700000, 0x00000000eb700000, 0x00000000eb800000|  0%| F|  |TAMS 0x00000000eb700000| PB 0x00000000eb700000| Untracked 
| 184|0x00000000eb800000, 0x00000000eb800000, 0x00000000eb900000|  0%| F|  |TAMS 0x00000000eb800000| PB 0x00000000eb800000| Untracked 
| 185|0x00000000eb900000, 0x00000000eb900000, 0x00000000eba00000|  0%| F|  |TAMS 0x00000000eb900000| PB 0x00000000eb900000| Untracked 
| 186|0x00000000eba00000, 0x00000000eba00000, 0x00000000ebb00000|  0%| F|  |TAMS 0x00000000eba00000| PB 0x00000000eba00000| Untracked 
| 187|0x00000000ebb00000, 0x00000000ebb00000, 0x00000000ebc00000|  0%| F|  |TAMS 0x00000000ebb00000| PB 0x00000000ebb00000| Untracked 
| 188|0x00000000ebc00000, 0x00000000ebc00000, 0x00000000ebd00000|  0%| F|  |TAMS 0x00000000ebc00000| PB 0x00000000ebc00000| Untracked 
| 189|0x00000000ebd00000, 0x00000000ebd00000, 0x00000000ebe00000|  0%| F|  |TAMS 0x00000000ebd00000| PB 0x00000000ebd00000| Untracked 
| 190|0x00000000ebe00000, 0x00000000ebe00000, 0x00000000ebf00000|  0%| F|  |TAMS 0x00000000ebe00000| PB 0x00000000ebe00000| Untracked 
| 191|0x00000000ebf00000, 0x00000000ebf00000, 0x00000000ec000000|  0%| F|  |TAMS 0x00000000ebf00000| PB 0x00000000ebf00000| Untracked 
| 192|0x00000000ec000000, 0x00000000ec000000, 0x00000000ec100000|  0%| F|  |TAMS 0x00000000ec000000| PB 0x00000000ec000000| Untracked 
| 193|0x00000000ec100000, 0x00000000ec100000, 0x00000000ec200000|  0%| F|  |TAMS 0x00000000ec100000| PB 0x00000000ec100000| Untracked 
| 194|0x00000000ec200000, 0x00000000ec200000, 0x00000000ec300000|  0%| F|  |TAMS 0x00000000ec200000| PB 0x00000000ec200000| Untracked 
| 195|0x00000000ec300000, 0x00000000ec300000, 0x00000000ec400000|  0%| F|  |TAMS 0x00000000ec300000| PB 0x00000000ec300000| Untracked 
| 196|0x00000000ec400000, 0x00000000ec400000, 0x00000000ec500000|  0%| F|  |TAMS 0x00000000ec400000| PB 0x00000000ec400000| Untracked 
| 197|0x00000000ec500000, 0x00000000ec500000, 0x00000000ec600000|  0%| F|  |TAMS 0x00000000ec500000| PB 0x00000000ec500000| Untracked 
| 198|0x00000000ec600000, 0x00000000ec600000, 0x00000000ec700000|  0%| F|  |TAMS 0x00000000ec600000| PB 0x00000000ec600000| Untracked 
| 199|0x00000000ec700000, 0x00000000ec700000, 0x00000000ec800000|  0%| F|  |TAMS 0x00000000ec700000| PB 0x00000000ec700000| Untracked 
| 200|0x00000000ec800000, 0x00000000ec800000, 0x00000000ec900000|  0%| F|  |TAMS 0x00000000ec800000| PB 0x00000000ec800000| Untracked 
| 201|0x00000000ec900000, 0x00000000ec900000, 0x00000000eca00000|  0%| F|  |TAMS 0x00000000ec900000| PB 0x00000000ec900000| Untracked 
| 202|0x00000000eca00000, 0x00000000eca00000, 0x00000000ecb00000|  0%| F|  |TAMS 0x00000000eca00000| PB 0x00000000eca00000| Untracked 
| 203|0x00000000ecb00000, 0x00000000ecb00000, 0x00000000ecc00000|  0%| F|  |TAMS 0x00000000ecb00000| PB 0x00000000ecb00000| Untracked 
| 204|0x00000000ecc00000, 0x00000000ecc00000, 0x00000000ecd00000|  0%| F|  |TAMS 0x00000000ecc00000| PB 0x00000000ecc00000| Untracked 
| 205|0x00000000ecd00000, 0x00000000ecd00000, 0x00000000ece00000|  0%| F|  |TAMS 0x00000000ecd00000| PB 0x00000000ecd00000| Untracked 
| 206|0x00000000ece00000, 0x00000000ece00000, 0x00000000ecf00000|  0%| F|  |TAMS 0x00000000ece00000| PB 0x00000000ece00000| Untracked 
| 207|0x00000000ecf00000, 0x00000000ecf7fc10, 0x00000000ed000000| 49%| E|  |TAMS 0x00000000ecf00000| PB 0x00000000ecf00000| Complete 
| 208|0x00000000ed000000, 0x00000000ed0c0aa8, 0x00000000ed100000| 75%| E|  |TAMS 0x00000000ed000000| PB 0x00000000ed000000| Complete 
| 209|0x00000000ed100000, 0x00000000ed200000, 0x00000000ed200000|100%| E|CS|TAMS 0x00000000ed100000| PB 0x00000000ed100000| Complete 
| 210|0x00000000ed200000, 0x00000000ed300000, 0x00000000ed300000|100%| E|CS|TAMS 0x00000000ed200000| PB 0x00000000ed200000| Complete 
| 211|0x00000000ed300000, 0x00000000ed400000, 0x00000000ed400000|100%| E|CS|TAMS 0x00000000ed300000| PB 0x00000000ed300000| Complete 
| 212|0x00000000ed400000, 0x00000000ed500000, 0x00000000ed500000|100%| E|CS|TAMS 0x00000000ed400000| PB 0x00000000ed400000| Complete 
| 213|0x00000000ed500000, 0x00000000ed600000, 0x00000000ed600000|100%| E|CS|TAMS 0x00000000ed500000| PB 0x00000000ed500000| Complete 
| 214|0x00000000ed600000, 0x00000000ed700000, 0x00000000ed700000|100%| E|CS|TAMS 0x00000000ed600000| PB 0x00000000ed600000| Complete 
| 215|0x00000000ed700000, 0x00000000ed800000, 0x00000000ed800000|100%| E|CS|TAMS 0x00000000ed700000| PB 0x00000000ed700000| Complete 
| 216|0x00000000ed800000, 0x00000000ed900000, 0x00000000ed900000|100%| E|CS|TAMS 0x00000000ed800000| PB 0x00000000ed800000| Complete 
| 217|0x00000000ed900000, 0x00000000eda00000, 0x00000000eda00000|100%| E|CS|TAMS 0x00000000ed900000| PB 0x00000000ed900000| Complete 
| 218|0x00000000eda00000, 0x00000000edb00000, 0x00000000edb00000|100%| E|CS|TAMS 0x00000000eda00000| PB 0x00000000eda00000| Complete 
| 219|0x00000000edb00000, 0x00000000edc00000, 0x00000000edc00000|100%| E|CS|TAMS 0x00000000edb00000| PB 0x00000000edb00000| Complete 
| 220|0x00000000edc00000, 0x00000000edd00000, 0x00000000edd00000|100%| E|CS|TAMS 0x00000000edc00000| PB 0x00000000edc00000| Complete 
| 221|0x00000000edd00000, 0x00000000ede00000, 0x00000000ede00000|100%| E|CS|TAMS 0x00000000edd00000| PB 0x00000000edd00000| Complete 
| 222|0x00000000ede00000, 0x00000000edf00000, 0x00000000edf00000|100%| E|CS|TAMS 0x00000000ede00000| PB 0x00000000ede00000| Complete 
| 223|0x00000000edf00000, 0x00000000ee000000, 0x00000000ee000000|100%| E|CS|TAMS 0x00000000edf00000| PB 0x00000000edf00000| Complete 
| 224|0x00000000ee000000, 0x00000000ee100000, 0x00000000ee100000|100%| E|CS|TAMS 0x00000000ee000000| PB 0x00000000ee000000| Complete 
| 225|0x00000000ee100000, 0x00000000ee200000, 0x00000000ee200000|100%| E|CS|TAMS 0x00000000ee100000| PB 0x00000000ee100000| Complete 
| 226|0x00000000ee200000, 0x00000000ee300000, 0x00000000ee300000|100%| E|CS|TAMS 0x00000000ee200000| PB 0x00000000ee200000| Complete 
| 227|0x00000000ee300000, 0x00000000ee400000, 0x00000000ee400000|100%| E|CS|TAMS 0x00000000ee300000| PB 0x00000000ee300000| Complete 
| 228|0x00000000ee400000, 0x00000000ee500000, 0x00000000ee500000|100%| E|CS|TAMS 0x00000000ee400000| PB 0x00000000ee400000| Complete 
| 229|0x00000000ee500000, 0x00000000ee600000, 0x00000000ee600000|100%| E|CS|TAMS 0x00000000ee500000| PB 0x00000000ee500000| Complete 
| 230|0x00000000ee600000, 0x00000000ee700000, 0x00000000ee700000|100%| E|CS|TAMS 0x00000000ee600000| PB 0x00000000ee600000| Complete 
| 231|0x00000000ee700000, 0x00000000ee800000, 0x00000000ee800000|100%| E|CS|TAMS 0x00000000ee700000| PB 0x00000000ee700000| Complete 
| 232|0x00000000ee800000, 0x00000000ee900000, 0x00000000ee900000|100%| E|CS|TAMS 0x00000000ee800000| PB 0x00000000ee800000| Complete 
| 233|0x00000000ee900000, 0x00000000eea00000, 0x00000000eea00000|100%| E|CS|TAMS 0x00000000ee900000| PB 0x00000000ee900000| Complete 
| 234|0x00000000eea00000, 0x00000000eeb00000, 0x00000000eeb00000|100%| E|CS|TAMS 0x00000000eea00000| PB 0x00000000eea00000| Complete 
| 235|0x00000000eeb00000, 0x00000000eec00000, 0x00000000eec00000|100%| E|CS|TAMS 0x00000000eeb00000| PB 0x00000000eeb00000| Complete 
| 236|0x00000000eec00000, 0x00000000eed00000, 0x00000000eed00000|100%| E|CS|TAMS 0x00000000eec00000| PB 0x00000000eec00000| Complete 
| 237|0x00000000eed00000, 0x00000000eee00000, 0x00000000eee00000|100%| E|CS|TAMS 0x00000000eed00000| PB 0x00000000eed00000| Complete 
| 238|0x00000000eee00000, 0x00000000eeeb3e48, 0x00000000eef00000| 70%| S|CS|TAMS 0x00000000eee00000| PB 0x00000000eee00000| Complete 
| 239|0x00000000eef00000, 0x00000000ef000000, 0x00000000ef000000|100%| S|CS|TAMS 0x00000000eef00000| PB 0x00000000eef00000| Complete 
| 240|0x00000000ef000000, 0x00000000ef100000, 0x00000000ef100000|100%| S|CS|TAMS 0x00000000ef000000| PB 0x00000000ef000000| Complete 
| 241|0x00000000ef100000, 0x00000000ef200000, 0x00000000ef200000|100%| S|CS|TAMS 0x00000000ef100000| PB 0x00000000ef100000| Complete 
| 242|0x00000000ef200000, 0x00000000ef300000, 0x00000000ef300000|100%| S|CS|TAMS 0x00000000ef200000| PB 0x00000000ef200000| Complete 
| 243|0x00000000ef300000, 0x00000000ef400000, 0x00000000ef400000|100%| S|CS|TAMS 0x00000000ef300000| PB 0x00000000ef300000| Complete 
| 244|0x00000000ef400000, 0x00000000ef500000, 0x00000000ef500000|100%| S|CS|TAMS 0x00000000ef400000| PB 0x00000000ef400000| Complete 
| 245|0x00000000ef500000, 0x00000000ef600000, 0x00000000ef600000|100%| S|CS|TAMS 0x00000000ef500000| PB 0x00000000ef500000| Complete 
| 246|0x00000000ef600000, 0x00000000ef700000, 0x00000000ef700000|100%| E|CS|TAMS 0x00000000ef600000| PB 0x00000000ef600000| Complete 
| 247|0x00000000ef700000, 0x00000000ef800000, 0x00000000ef800000|100%| E|CS|TAMS 0x00000000ef700000| PB 0x00000000ef700000| Complete 
| 248|0x00000000ef800000, 0x00000000ef900000, 0x00000000ef900000|100%| E|CS|TAMS 0x00000000ef800000| PB 0x00000000ef800000| Complete 
| 249|0x00000000ef900000, 0x00000000efa00000, 0x00000000efa00000|100%| E|CS|TAMS 0x00000000ef900000| PB 0x00000000ef900000| Complete 
| 250|0x00000000efa00000, 0x00000000efb00000, 0x00000000efb00000|100%| E|CS|TAMS 0x00000000efa00000| PB 0x00000000efa00000| Complete 
| 251|0x00000000efb00000, 0x00000000efc00000, 0x00000000efc00000|100%| E|CS|TAMS 0x00000000efb00000| PB 0x00000000efb00000| Complete 
| 252|0x00000000efc00000, 0x00000000efd00000, 0x00000000efd00000|100%| E|CS|TAMS 0x00000000efc00000| PB 0x00000000efc00000| Complete 
| 253|0x00000000efd00000, 0x00000000efe00000, 0x00000000efe00000|100%| E|CS|TAMS 0x00000000efd00000| PB 0x00000000efd00000| Complete 
| 254|0x00000000efe00000, 0x00000000eff00000, 0x00000000eff00000|100%| E|CS|TAMS 0x00000000efe00000| PB 0x00000000efe00000| Complete 
| 255|0x00000000eff00000, 0x00000000f0000000, 0x00000000f0000000|100%| E|CS|TAMS 0x00000000eff00000| PB 0x00000000eff00000| Complete 

Card table byte_map: [0x00000209e2a40000,0x00000209e2b40000] _byte_map_base: 0x00000209e2340000

Marking Bits: (CMBitMap*) 0x00000209c9197a90
 Bits: [0x00000209e2c40000, 0x00000209e3440000)

Polling page: 0x00000209c8f90000

Metaspace:

Usage:
  Non-class:     33.70 MB used.
      Class:      5.49 MB used.
       Both:     39.19 MB used.

Virtual space:
  Non-class space:       64.00 MB reserved,      34.31 MB ( 54%) committed,  1 nodes.
      Class space:      308.00 MB reserved,       6.12 MB (  2%) committed,  1 nodes.
             Both:      372.00 MB reserved,      40.44 MB ( 11%) committed. 

Chunk freelists:
   Non-Class:  1.11 MB
       Class:  1.70 MB
        Both:  2.81 MB

MaxMetaspaceSize: 384.00 MB
CompressedClassSpaceSize: 308.00 MB
Initial GC threshold: 21.00 MB
Current GC threshold: 59.81 MB
CDS: on
MetaspaceReclaimPolicy: balanced
 - commit_granule_bytes: 65536.
 - commit_granule_words: 8192.
 - virtual_space_node_default_size: 8388608.
 - enlarge_chunks_in_place: 1.
 - new_chunks_are_fully_committed: 0.
 - uncommit_free_chunks: 1.
 - use_allocation_guard: 0.


Internal statistics:

num_allocs_failed_limit: 12.
num_arena_births: 2284.
num_arena_deaths: 0.
num_vsnodes_births: 2.
num_vsnodes_deaths: 0.
num_space_committed: 647.
num_space_uncommitted: 0.
num_chunks_returned_to_freelist: 12.
num_chunks_taken_from_freelist: 3967.
num_chunk_merges: 12.
num_chunk_splits: 2631.
num_chunks_enlarged: 1692.
num_inconsistent_stats: 0.

CodeHeap 'non-profiled nmethods': size=120000Kb used=2294Kb max_used=2294Kb free=117705Kb
 bounds [0x00000209da780000, 0x00000209da9f0000, 0x00000209e1cb0000]
CodeHeap 'profiled nmethods': size=120000Kb used=8333Kb max_used=8333Kb free=111666Kb
 bounds [0x00000209d2cb0000, 0x00000209d3510000, 0x00000209da1e0000]
CodeHeap 'non-nmethods': size=5760Kb used=2745Kb max_used=2812Kb free=3015Kb
 bounds [0x00000209da1e0000, 0x00000209da4b0000, 0x00000209da780000]
 total_blobs=4982 nmethods=4155 adapters=736
 compilation: enabled
              stopped_count=0, restarted_count=0
 full_count=0

Compilation events (20 events):
Event: 6.723 Thread 0x00000209fe823650 4616       3       java.util.concurrent.locks.AbstractQueuedSynchronizer$ConditionObject::enableWait (84 bytes)
Event: 6.723 Thread 0x000002098423ac40 nmethod 4615 0x00000209da804410 code [0x00000209da8045c0, 0x00000209da804918]
Event: 6.724 Thread 0x00000209fe823650 nmethod 4616 0x00000209d2e78a10 code [0x00000209d2e78c20, 0x00000209d2e79368]
Event: 6.724 Thread 0x00000209fe823650 4617       3       java.util.concurrent.locks.AbstractQueuedSynchronizer$Node::setStatusRelaxed (12 bytes)
Event: 6.724 Thread 0x00000209fe823650 nmethod 4617 0x00000209d2cd9290 code [0x00000209d2cd9420, 0x00000209d2cd9538]
Event: 6.728 Thread 0x00000209fe818cb0 nmethod 4606 0x00000209da803390 code [0x00000209da803560, 0x00000209da803e60]
Event: 6.739 Thread 0x00000209fe823650 4618       3       sun.net.www.protocol.file.Handler::openConnection (7 bytes)
Event: 6.739 Thread 0x00000209fe823650 nmethod 4618 0x00000209d2d58310 code [0x00000209d2d584a0, 0x00000209d2d585f8]
Event: 6.739 Thread 0x00000209fe823650 4619   !   3       sun.net.www.protocol.file.Handler::openConnection (274 bytes)
Event: 6.739 Thread 0x000002098423ac40 4621       4       org.objectweb.asm.ClassReader::readInt (52 bytes)
Event: 6.741 Thread 0x000002098423ac40 nmethod 4621 0x00000209da803010 code [0x00000209da803180, 0x00000209da803290]
Event: 6.741 Thread 0x00000209fe823650 nmethod 4619 0x00000209d2d61410 code [0x00000209d2d618e0, 0x00000209d2d638f8]
Event: 6.741 Thread 0x00000209fe823650 4620       3       sun.net.www.protocol.file.Handler::createFileURLConnection (10 bytes)
Event: 6.741 Thread 0x00000209fe823650 nmethod 4620 0x00000209d2d60e10 code [0x00000209d2d60fa0, 0x00000209d2d61150]
Event: 6.741 Thread 0x00000209fe823650 4622       3       org.objectweb.asm.MethodWriter::visitLineNumber (50 bytes)
Event: 6.742 Thread 0x00000209fe823650 nmethod 4622 0x00000209d2d57b10 code [0x00000209d2d57ce0, 0x00000209d2d58178]
Event: 6.744 Thread 0x00000209fe823650 4623       3       org.objectweb.asm.MethodWriter::visitCode (1 bytes)
Event: 6.744 Thread 0x00000209fe823650 nmethod 4623 0x00000209d2d57790 code [0x00000209d2d57920, 0x00000209d2d57a30]
Event: 6.744 Thread 0x00000209fe823650 4624       3       org.objectweb.asm.Label::addLineNumber (106 bytes)
Event: 6.744 Thread 0x00000209fe823650 nmethod 4624 0x00000209d2d56f10 code [0x00000209d2d570e0, 0x00000209d2d57610]

GC Heap History (12 events):
Event: 0.784 GC heap before
{Heap before GC invocations=0 (full 0):
 garbage-first heap   total 262144K, used 26624K [0x00000000e0000000, 0x0000000100000000)
  region size 1024K, 23 young (23552K), 0 survivors (0K)
 Metaspace       used 3159K, committed 3264K, reserved 380928K
  class space    used 401K, committed 448K, reserved 315392K
}
Event: 0.791 GC heap after
{Heap after GC invocations=1 (full 0):
 garbage-first heap   total 262144K, used 11209K [0x00000000e0000000, 0x0000000100000000)
  region size 1024K, 3 young (3072K), 3 survivors (3072K)
 Metaspace       used 3159K, committed 3264K, reserved 380928K
  class space    used 401K, committed 448K, reserved 315392K
}
Event: 1.324 GC heap before
{Heap before GC invocations=1 (full 0):
 garbage-first heap   total 262144K, used 39881K [0x00000000e0000000, 0x0000000100000000)
  region size 1024K, 31 young (31744K), 3 survivors (3072K)
 Metaspace       used 4082K, committed 4288K, reserved 380928K
  class space    used 495K, committed 576K, reserved 315392K
}
Event: 1.327 GC heap after
{Heap after GC invocations=2 (full 0):
 garbage-first heap   total 262144K, used 12506K [0x00000000e0000000, 0x0000000100000000)
  region size 1024K, 2 young (2048K), 2 survivors (2048K)
 Metaspace       used 4082K, committed 4288K, reserved 380928K
  class space    used 495K, committed 576K, reserved 315392K
}
Event: 3.991 GC heap before
{Heap before GC invocations=2 (full 0):
 garbage-first heap   total 262144K, used 114906K [0x00000000e0000000, 0x0000000100000000)
  region size 1024K, 103 young (105472K), 2 survivors (2048K)
 Metaspace       used 20823K, committed 21504K, reserved 380928K
  class space    used 3045K, committed 3328K, reserved 315392K
}
Event: 4.000 GC heap after
{Heap after GC invocations=3 (full 0):
 garbage-first heap   total 262144K, used 23235K [0x00000000e0000000, 0x0000000100000000)
  region size 1024K, 12 young (12288K), 12 survivors (12288K)
 Metaspace       used 20823K, committed 21504K, reserved 380928K
  class space    used 3045K, committed 3328K, reserved 315392K
}
Event: 5.974 GC heap before
{Heap before GC invocations=4 (full 0):
 garbage-first heap   total 262144K, used 132803K [0x00000000e0000000, 0x0000000100000000)
  region size 1024K, 116 young (118784K), 12 survivors (12288K)
 Metaspace       used 34768K, committed 35968K, reserved 380928K
  class space    used 4890K, committed 5504K, reserved 315392K
}
Event: 5.988 GC heap after
{Heap after GC invocations=5 (full 0):
 garbage-first heap   total 262144K, used 34038K [0x00000000e0000000, 0x0000000100000000)
  region size 1024K, 9 young (9216K), 9 survivors (9216K)
 Metaspace       used 34768K, committed 35968K, reserved 380928K
  class space    used 4890K, committed 5504K, reserved 315392K
}
Event: 5.991 GC heap before
{Heap before GC invocations=5 (full 0):
 garbage-first heap   total 262144K, used 34038K [0x00000000e0000000, 0x0000000100000000)
  region size 1024K, 10 young (10240K), 9 survivors (9216K)
 Metaspace       used 35093K, committed 36288K, reserved 380928K
  class space    used 4890K, committed 5504K, reserved 315392K
}
Event: 5.997 GC heap after
{Heap after GC invocations=6 (full 0):
 garbage-first heap   total 262144K, used 33970K [0x00000000e0000000, 0x0000000100000000)
  region size 1024K, 8 young (8192K), 8 survivors (8192K)
 Metaspace       used 35093K, committed 36288K, reserved 380928K
  class space    used 4890K, committed 5504K, reserved 315392K
}
Event: 6.054 GC heap before
{Heap before GC invocations=6 (full 0):
 garbage-first heap   total 262144K, used 34994K [0x00000000e0000000, 0x0000000100000000)
  region size 1024K, 10 young (10240K), 8 survivors (8192K)
 Metaspace       used 35442K, committed 36608K, reserved 380928K
  class space    used 4921K, committed 5504K, reserved 315392K
}
Event: 6.057 GC heap after
{Heap after GC invocations=7 (full 0):
 garbage-first heap   total 262144K, used 31781K [0x00000000e0000000, 0x0000000100000000)
  region size 1024K, 8 young (8192K), 8 survivors (8192K)
 Metaspace       used 35442K, committed 36608K, reserved 380928K
  class space    used 4921K, committed 5504K, reserved 315392K
}

Dll operation events (15 events):
Event: 0.009 Loaded shared library C:\Users\45819\.jdks\corretto-20.0.2.1\bin\java.dll
Event: 0.043 Loaded shared library C:\Users\45819\.jdks\corretto-20.0.2.1\bin\jsvml.dll
Event: 0.100 Loaded shared library C:\Users\45819\.jdks\corretto-20.0.2.1\bin\zip.dll
Event: 0.103 Loaded shared library C:\Users\45819\.jdks\corretto-20.0.2.1\bin\instrument.dll
Event: 0.107 Loaded shared library C:\Users\45819\.jdks\corretto-20.0.2.1\bin\net.dll
Event: 0.110 Loaded shared library C:\Users\45819\.jdks\corretto-20.0.2.1\bin\nio.dll
Event: 0.114 Loaded shared library C:\Users\45819\.jdks\corretto-20.0.2.1\bin\zip.dll
Event: 0.350 Loaded shared library C:\Users\45819\.jdks\corretto-20.0.2.1\bin\jimage.dll
Event: 0.448 Loaded shared library C:\Users\45819\.jdks\corretto-20.0.2.1\bin\verify.dll
Event: 0.635 Loaded shared library C:\Users\45819\.gradle\native\c067742578af261105cb4f569cf0c3c89f3d7b1fecec35dd04571415982c5e48\windows-amd64\native-platform.dll
Event: 0.643 Loaded shared library C:\Users\45819\.gradle\native\38dada09dfb8b06ba9b0570ebf7e218e3eb74d4ef43ca46872605cf95ebc2f47\windows-amd64\native-platform-file-events.dll
Event: 1.758 Loaded shared library C:\Users\45819\.jdks\corretto-20.0.2.1\bin\management.dll
Event: 1.763 Loaded shared library C:\Users\45819\.jdks\corretto-20.0.2.1\bin\management_ext.dll
Event: 2.067 Loaded shared library C:\Users\45819\.jdks\corretto-20.0.2.1\bin\extnet.dll
Event: 2.310 Loaded shared library C:\Users\45819\.jdks\corretto-20.0.2.1\bin\sunmscapi.dll

Deoptimization events (20 events):
Event: 6.571 Thread 0x0000020980f066e0 Uncommon trap: trap_request=0xffffffde fr.pc=0x00000209da99a568 relative=0x0000000000002948
Event: 6.571 Thread 0x0000020980f066e0 Uncommon trap: reason=class_check action=maybe_recompile pc=0x00000209da99a568 method=java.util.regex.Pattern$CharProperty.study(Ljava/util/regex/Pattern$TreeInfo;)Z @ 25 c2
Event: 6.571 Thread 0x0000020980f066e0 DEOPT PACKING pc=0x00000209da99a568 sp=0x00000023249f9f30
Event: 6.571 Thread 0x0000020980f066e0 DEOPT UNPACKING pc=0x00000209da249d22 sp=0x00000023249f9e28 mode 2
Event: 6.572 Thread 0x0000020980f066e0 Uncommon trap: trap_request=0xffffffde fr.pc=0x00000209da99a568 relative=0x0000000000002948
Event: 6.572 Thread 0x0000020980f066e0 Uncommon trap: reason=class_check action=maybe_recompile pc=0x00000209da99a568 method=java.util.regex.Pattern$CharProperty.study(Ljava/util/regex/Pattern$TreeInfo;)Z @ 25 c2
Event: 6.572 Thread 0x0000020980f066e0 DEOPT PACKING pc=0x00000209da99a568 sp=0x00000023249f9f30
Event: 6.572 Thread 0x0000020980f066e0 DEOPT UNPACKING pc=0x00000209da249d22 sp=0x00000023249f9e28 mode 2
Event: 6.572 Thread 0x0000020980f066e0 Uncommon trap: trap_request=0xffffffde fr.pc=0x00000209da99a568 relative=0x0000000000002948
Event: 6.572 Thread 0x0000020980f066e0 Uncommon trap: reason=class_check action=maybe_recompile pc=0x00000209da99a568 method=java.util.regex.Pattern$CharProperty.study(Ljava/util/regex/Pattern$TreeInfo;)Z @ 25 c2
Event: 6.572 Thread 0x0000020980f066e0 DEOPT PACKING pc=0x00000209da99a568 sp=0x00000023249f9f30
Event: 6.573 Thread 0x0000020980f066e0 DEOPT UNPACKING pc=0x00000209da249d22 sp=0x00000023249f9e28 mode 2
Event: 6.665 Thread 0x0000020980f066e0 Uncommon trap: trap_request=0xffffff45 fr.pc=0x00000209da94e090 relative=0x0000000000000350
Event: 6.665 Thread 0x0000020980f066e0 Uncommon trap: reason=unstable_if action=reinterpret pc=0x00000209da94e090 method=org.gradle.internal.reflect.PropertyAccessorType.isGetGetterName(Ljava/lang/String;)Z @ 14 c2
Event: 6.665 Thread 0x0000020980f066e0 DEOPT PACKING pc=0x00000209da94e090 sp=0x00000023249f8bf0
Event: 6.665 Thread 0x0000020980f066e0 DEOPT UNPACKING pc=0x00000209da249d22 sp=0x00000023249f8b48 mode 2
Event: 6.724 Thread 0x0000020980f066e0 Uncommon trap: trap_request=0xffffff45 fr.pc=0x00000209da7db654 relative=0x0000000000001594
Event: 6.724 Thread 0x0000020980f066e0 Uncommon trap: reason=unstable_if action=reinterpret pc=0x00000209da7db654 method=java.util.concurrent.ConcurrentHashMap.computeIfAbsent(Ljava/lang/Object;Ljava/util/function/Function;)Ljava/lang/Object; @ 123 c2
Event: 6.724 Thread 0x0000020980f066e0 DEOPT PACKING pc=0x00000209da7db654 sp=0x00000023249f9ae0
Event: 6.724 Thread 0x0000020980f066e0 DEOPT UNPACKING pc=0x00000209da249d22 sp=0x00000023249f9a70 mode 2

Classes loaded (20 events):
Event: 6.164 Loading class java/util/Collections$2
Event: 6.164 Loading class java/util/Collections$2 done
Event: 6.374 Loading class java/util/BitSet$1BitSetSpliterator
Event: 6.374 Loading class java/util/BitSet$1BitSetSpliterator done
Event: 6.383 Loading class jdk/internal/reflect/MethodHandleIntegerFieldAccessorImpl
Event: 6.384 Loading class jdk/internal/reflect/MethodHandleIntegerFieldAccessorImpl done
Event: 6.454 Loading class java/util/zip/GZIPInputStream
Event: 6.454 Loading class java/util/zip/GZIPInputStream done
Event: 6.454 Loading class java/util/zip/GZIPOutputStream
Event: 6.455 Loading class java/util/zip/GZIPOutputStream done
Event: 6.524 Loading class java/nio/file/AtomicMoveNotSupportedException
Event: 6.524 Loading class java/nio/file/AtomicMoveNotSupportedException done
Event: 6.538 Loading class java/io/FileWriter
Event: 6.538 Loading class java/io/FileWriter done
Event: 6.629 Loading class java/util/DualPivotQuicksort
Event: 6.629 Loading class java/util/DualPivotQuicksort done
Event: 6.661 Loading class java/util/function/LongUnaryOperator
Event: 6.661 Loading class java/util/function/LongUnaryOperator done
Event: 6.684 Loading class java/lang/StringIndexOutOfBoundsException
Event: 6.684 Loading class java/lang/StringIndexOutOfBoundsException done

Classes unloaded (0 events):
No events

Classes redefined (0 events):
No events

Internal exceptions (20 events):
Event: 6.385 Thread 0x0000020980f066e0 Exception <a 'java/lang/IncompatibleClassChangeError'{0x00000000eeaab878}: Found class java.lang.Object, but interface was expected> (0x00000000eeaab878) 
thrown [s\src\hotspot\share\interpreter\linkResolver.cpp, line 840]
Event: 6.392 Thread 0x0000020980f066e0 Exception <a 'sun/nio/fs/WindowsException'{0x00000000eeafef70}> (0x00000000eeafef70) 
thrown [s\src\hotspot\share\prims\jni.cpp, line 519]
Event: 6.392 Thread 0x0000020980f066e0 Exception <a 'sun/nio/fs/WindowsException'{0x00000000ee900958}> (0x00000000ee900958) 
thrown [s\src\hotspot\share\prims\jni.cpp, line 519]
Event: 6.393 Thread 0x0000020980f066e0 Exception <a 'sun/nio/fs/WindowsException'{0x00000000ee901e28}> (0x00000000ee901e28) 
thrown [s\src\hotspot\share\prims\jni.cpp, line 519]
Event: 6.393 Thread 0x0000020980f066e0 Exception <a 'sun/nio/fs/WindowsException'{0x00000000ee903308}> (0x00000000ee903308) 
thrown [s\src\hotspot\share\prims\jni.cpp, line 519]
Event: 6.402 Thread 0x0000020980f066e0 Exception <a 'java/lang/IncompatibleClassChangeError'{0x00000000ee9467f8}: Found class java.lang.Object, but interface was expected> (0x00000000ee9467f8) 
thrown [s\src\hotspot\share\interpreter\linkResolver.cpp, line 840]
Event: 6.414 Thread 0x0000020980f066e0 Exception <a 'java/lang/ClassNotFoundException'{0x00000000ee843218}: settings_f1t72pqy028oi8qpmrlcrv2hxBeanInfo> (0x00000000ee843218) 
thrown [s\src\hotspot\share\classfile\systemDictionary.cpp, line 305]
Event: 6.415 Thread 0x0000020980f066e0 Exception <a 'java/lang/ClassNotFoundException'{0x00000000ee84c2e0}: org/gradle/initialization/SettingsScriptBeanInfo> (0x00000000ee84c2e0) 
thrown [s\src\hotspot\share\classfile\systemDictionary.cpp, line 305]
Event: 6.415 Thread 0x0000020980f066e0 Exception <a 'java/lang/ClassNotFoundException'{0x00000000ee8554e8}: org/gradle/plugin/use/internal/PluginsAwareScriptBeanInfo> (0x00000000ee8554e8) 
thrown [s\src\hotspot\share\classfile\systemDictionary.cpp, line 305]
Event: 6.416 Thread 0x0000020980f066e0 Exception <a 'java/lang/ClassNotFoundException'{0x00000000ee85e6e8}: org/gradle/plugin/use/internal/PluginsAwareScriptCustomizer> (0x00000000ee85e6e8) 
thrown [s\src\hotspot\share\classfile\systemDictionary.cpp, line 305]
Event: 6.416 Thread 0x0000020980f066e0 Exception <a 'java/lang/ClassNotFoundException'{0x00000000ee86f838}: org/gradle/initialization/SettingsScriptCustomizer> (0x00000000ee86f838) 
thrown [s\src\hotspot\share\classfile\systemDictionary.cpp, line 305]
Event: 6.417 Thread 0x0000020980f066e0 Exception <a 'java/lang/ClassNotFoundException'{0x00000000ee87d328}: settings_f1t72pqy028oi8qpmrlcrv2hxCustomizer> (0x00000000ee87d328) 
thrown [s\src\hotspot\share\classfile\systemDictionary.cpp, line 305]
Event: 6.427 Thread 0x0000020980f066e0 Exception <a 'java/lang/ClassNotFoundException'{0x00000000ee7060f8}: org/gradle/initialization/DefaultSettings_DecoratedBeanInfo> (0x00000000ee7060f8) 
thrown [s\src\hotspot\share\classfile\systemDictionary.cpp, line 305]
Event: 6.427 Thread 0x0000020980f066e0 Exception <a 'java/lang/ClassNotFoundException'{0x00000000ee7145f0}: org/gradle/initialization/DefaultSettingsBeanInfo> (0x00000000ee7145f0) 
thrown [s\src\hotspot\share\classfile\systemDictionary.cpp, line 305]
Event: 6.428 Thread 0x0000020980f066e0 Exception <a 'java/lang/ClassNotFoundException'{0x00000000ee722820}: org/gradle/initialization/DefaultSettingsCustomizer> (0x00000000ee722820) 
thrown [s\src\hotspot\share\classfile\systemDictionary.cpp, line 305]
Event: 6.431 Thread 0x0000020980f066e0 Exception <a 'java/lang/ClassNotFoundException'{0x00000000ee765140}: org/gradle/initialization/DefaultSettings_DecoratedCustomizer> (0x00000000ee765140) 
thrown [s\src\hotspot\share\classfile\systemDictionary.cpp, line 305]
Event: 6.437 Thread 0x0000020980f066e0 Exception <a 'java/lang/ClassNotFoundException'{0x00000000ee7d5f40}: org/gradle/initialization/DefaultProjectDescriptorBeanInfo> (0x00000000ee7d5f40) 
thrown [s\src\hotspot\share\classfile\systemDictionary.cpp, line 305]
Event: 6.437 Thread 0x0000020980f066e0 Exception <a 'java/lang/ClassNotFoundException'{0x00000000ee7e2aa8}: org/gradle/initialization/DefaultProjectDescriptorCustomizer> (0x00000000ee7e2aa8) 
thrown [s\src\hotspot\share\classfile\systemDictionary.cpp, line 305]
Event: 6.466 Thread 0x0000020980f066e0 Implicit null exception at 0x00000209da94d660 to 0x00000209da94d70c
Event: 6.661 Thread 0x0000020980f066e0 Exception <a 'java/lang/NoSuchMethodError'{0x00000000ed640978}: 'long java.lang.invoke.DirectMethodHandle$Holder.invokeStatic(java.lang.Object, long)'> (0x00000000ed640978) 
thrown [s\src\hotspot\share\interpreter\linkResolver.cpp, line 773]

VM Operations (20 events):
Event: 5.974 Executing VM operation: CollectForMetadataAllocation
Event: 5.988 Executing VM operation: CollectForMetadataAllocation done
Event: 5.991 Executing VM operation: CollectForMetadataAllocation
Event: 5.997 Executing VM operation: CollectForMetadataAllocation done
Event: 6.053 Executing VM operation: CollectForMetadataAllocation
Event: 6.057 Executing VM operation: CollectForMetadataAllocation done
Event: 6.074 Executing VM operation: G1PauseRemark
Event: 6.077 Executing VM operation: G1PauseRemark done
Event: 6.082 Executing VM operation: G1PauseCleanup
Event: 6.082 Executing VM operation: G1PauseCleanup done
Event: 6.120 Executing VM operation: HandshakeAllThreads
Event: 6.121 Executing VM operation: HandshakeAllThreads done
Event: 6.174 Executing VM operation: HandshakeAllThreads
Event: 6.174 Executing VM operation: HandshakeAllThreads done
Event: 6.440 Executing VM operation: ICBufferFull
Event: 6.440 Executing VM operation: ICBufferFull done
Event: 6.539 Executing VM operation: HandshakeAllThreads
Event: 6.539 Executing VM operation: HandshakeAllThreads done
Event: 6.669 Executing VM operation: HandshakeAllThreads
Event: 6.669 Executing VM operation: HandshakeAllThreads done

Events (20 events):
Event: 6.077 Thread 0x00000209e60bcc10 flushing nmethod 0x00000209da7b6010
Event: 6.077 Thread 0x00000209e60bcc10 flushing nmethod 0x00000209da79e610
Event: 6.077 Thread 0x00000209e60bcc10 flushing nmethod 0x00000209da7b3f10
Event: 6.077 Thread 0x00000209e60bcc10 flushing nmethod 0x00000209da7a8990
Event: 6.077 Thread 0x00000209e60bcc10 flushing nmethod 0x00000209da7ade90
Event: 6.077 Thread 0x00000209e60bcc10 flushing nmethod 0x00000209da7a4d90
Event: 6.077 Thread 0x00000209e60bcc10 flushing nmethod 0x00000209da7b3590
Event: 6.077 Thread 0x00000209e60bcc10 flushing nmethod 0x00000209da7b3290
Event: 6.077 Thread 0x00000209e60bcc10 flushing nmethod 0x00000209da7ab410
Event: 6.077 Thread 0x00000209e60bcc10 flushing nmethod 0x00000209da78f490
Event: 6.077 Thread 0x00000209e60bcc10 flushing nmethod 0x00000209da78d590
Event: 6.077 Thread 0x00000209e60bcc10 flushing nmethod 0x00000209da7a3190
Event: 6.077 Thread 0x00000209e60bcc10 flushing nmethod 0x00000209da788590
Event: 6.099 Thread 0x0000020981574e90 Thread added: 0x0000020981574e90
Event: 6.134 Thread 0x0000020981576e70 Thread added: 0x0000020981576e70
Event: 6.302 Thread 0x0000020981573950 Thread added: 0x0000020981573950
Event: 6.314 Thread 0x00000209815783b0 Thread added: 0x00000209815783b0
Event: 6.399 Thread 0x00000209815793a0 Thread added: 0x00000209815793a0
Event: 6.406 Thread 0x0000020981578e50 Thread added: 0x0000020981578e50
Event: 6.477 Thread 0x00000209815743f0 Thread added: 0x00000209815743f0


Dynamic libraries:
0x00007ff6490a0000 - 0x00007ff6490ae000 	C:\Users\45819\.jdks\corretto-20.0.2.1\bin\java.exe
0x00007ff8a25f0000 - 0x00007ff8a27e8000 	C:\Windows\SYSTEM32\ntdll.dll
0x00007ff8a1010000 - 0x00007ff8a10cd000 	C:\Windows\System32\KERNEL32.DLL
0x00007ff89fdd0000 - 0x00007ff8a00c6000 	C:\Windows\System32\KERNELBASE.dll
0x00007ff8a04c0000 - 0x00007ff8a05c0000 	C:\Windows\System32\ucrtbase.dll
0x00007ff87e250000 - 0x00007ff87e267000 	C:\Users\45819\.jdks\corretto-20.0.2.1\bin\jli.dll
0x00007ff87d1d0000 - 0x00007ff87d1eb000 	C:\Users\45819\.jdks\corretto-20.0.2.1\bin\VCRUNTIME140.dll
0x00007ff8a1800000 - 0x00007ff8a199e000 	C:\Windows\System32\USER32.dll
0x00007ff889230000 - 0x00007ff8894ca000 	C:\Windows\WinSxS\amd64_microsoft.windows.common-controls_6595b64144ccf1df_6.0.19041.3636_none_60b6a03d71f818d5\COMCTL32.dll
0x00007ff8a0490000 - 0x00007ff8a04b2000 	C:\Windows\System32\win32u.dll
0x00007ff8a0d00000 - 0x00007ff8a0d9e000 	C:\Windows\System32\msvcrt.dll
0x00007ff8a19a0000 - 0x00007ff8a19cb000 	C:\Windows\System32\GDI32.dll
0x00007ff89fcb0000 - 0x00007ff89fdc7000 	C:\Windows\System32\gdi32full.dll
0x00007ff8a02f0000 - 0x00007ff8a038d000 	C:\Windows\System32\msvcp_win.dll
0x00007ff8a1430000 - 0x00007ff8a1462000 	C:\Windows\System32\IMM32.DLL
0x00007ff886da0000 - 0x00007ff886dac000 	C:\Users\45819\.jdks\corretto-20.0.2.1\bin\vcruntime140_1.dll
0x00007ff8760a0000 - 0x00007ff87612e000 	C:\Users\45819\.jdks\corretto-20.0.2.1\bin\msvcp140.dll
0x00007ff803790000 - 0x00007ff804494000 	C:\Users\45819\.jdks\corretto-20.0.2.1\bin\server\jvm.dll
0x00007ff8a19d0000 - 0x00007ff8a1a83000 	C:\Windows\System32\ADVAPI32.dll
0x00007ff8a1bc0000 - 0x00007ff8a1c5f000 	C:\Windows\System32\sechost.dll
0x00007ff8a0ab0000 - 0x00007ff8a0bd6000 	C:\Windows\System32\RPCRT4.dll
0x00007ff8a00d0000 - 0x00007ff8a00f7000 	C:\Windows\System32\bcrypt.dll
0x00007ff878ea0000 - 0x00007ff878ea9000 	C:\Windows\SYSTEM32\WSOCK32.dll
0x00007ff88d600000 - 0x00007ff88d627000 	C:\Windows\SYSTEM32\WINMM.dll
0x00007ff899cf0000 - 0x00007ff899cfa000 	C:\Windows\SYSTEM32\VERSION.dll
0x00007ff8a1610000 - 0x00007ff8a167b000 	C:\Windows\System32\WS2_32.dll
0x00007ff89e4f0000 - 0x00007ff89e502000 	C:\Windows\SYSTEM32\kernel.appcore.dll
0x00007ff886aa0000 - 0x00007ff886aaa000 	C:\Users\45819\.jdks\corretto-20.0.2.1\bin\jimage.dll
0x00007ff89e050000 - 0x00007ff89e234000 	C:\Windows\SYSTEM32\DBGHELP.DLL
0x00007ff87aa70000 - 0x00007ff87aaa4000 	C:\Windows\SYSTEM32\dbgcore.DLL
0x00007ff8a0100000 - 0x00007ff8a0182000 	C:\Windows\System32\bcryptPrimitives.dll
0x00007ff886a40000 - 0x00007ff886a4e000 	C:\Users\45819\.jdks\corretto-20.0.2.1\bin\instrument.dll
0x00007ff87ab50000 - 0x00007ff87ab76000 	C:\Users\45819\.jdks\corretto-20.0.2.1\bin\java.dll
0x00007ff8754a0000 - 0x00007ff875577000 	C:\Users\45819\.jdks\corretto-20.0.2.1\bin\jsvml.dll
0x00007ff8a1de0000 - 0x00007ff8a2525000 	C:\Windows\System32\SHELL32.dll
0x00007ff89d8a0000 - 0x00007ff89e03c000 	C:\Windows\SYSTEM32\windows.storage.dll
0x00007ff8a10d0000 - 0x00007ff8a1424000 	C:\Windows\System32\combase.dll
0x00007ff89f6e0000 - 0x00007ff89f70e000 	C:\Windows\SYSTEM32\Wldp.dll
0x00007ff8a1680000 - 0x00007ff8a174d000 	C:\Windows\System32\OLEAUT32.dll
0x00007ff8a1cd0000 - 0x00007ff8a1d7d000 	C:\Windows\System32\SHCORE.dll
0x00007ff8a0fb0000 - 0x00007ff8a1005000 	C:\Windows\System32\shlwapi.dll
0x00007ff89fbe0000 - 0x00007ff89fc05000 	C:\Windows\SYSTEM32\profapi.dll
0x00007ff87bc70000 - 0x00007ff87bc88000 	C:\Users\45819\.jdks\corretto-20.0.2.1\bin\zip.dll
0x00007ff87a6a0000 - 0x00007ff87a6b3000 	C:\Users\45819\.jdks\corretto-20.0.2.1\bin\net.dll
0x00007ff896e80000 - 0x00007ff896f8a000 	C:\Windows\SYSTEM32\WINHTTP.dll
0x00007ff89f440000 - 0x00007ff89f4aa000 	C:\Windows\system32\mswsock.dll
0x00007ff878890000 - 0x00007ff8788a6000 	C:\Users\45819\.jdks\corretto-20.0.2.1\bin\nio.dll
0x00007ff884cf0000 - 0x00007ff884d00000 	C:\Users\45819\.jdks\corretto-20.0.2.1\bin\verify.dll
0x00007ff882480000 - 0x00007ff8824a7000 	C:\Users\45819\.gradle\native\c067742578af261105cb4f569cf0c3c89f3d7b1fecec35dd04571415982c5e48\windows-amd64\native-platform.dll
0x00007ff8774c0000 - 0x00007ff877604000 	C:\Users\45819\.gradle\native\38dada09dfb8b06ba9b0570ebf7e218e3eb74d4ef43ca46872605cf95ebc2f47\windows-amd64\native-platform-file-events.dll
0x00007ff899580000 - 0x00007ff89958a000 	C:\Users\45819\.jdks\corretto-20.0.2.1\bin\management.dll
0x00007ff884780000 - 0x00007ff88478b000 	C:\Users\45819\.jdks\corretto-20.0.2.1\bin\management_ext.dll
0x00007ff8a0630000 - 0x00007ff8a0638000 	C:\Windows\System32\PSAPI.DLL
0x00007ff89f630000 - 0x00007ff89f648000 	C:\Windows\SYSTEM32\CRYPTSP.dll
0x00007ff89ed00000 - 0x00007ff89ed34000 	C:\Windows\system32\rsaenh.dll
0x00007ff89fb60000 - 0x00007ff89fb8e000 	C:\Windows\SYSTEM32\USERENV.dll
0x00007ff89f650000 - 0x00007ff89f65c000 	C:\Windows\SYSTEM32\CRYPTBASE.dll
0x00007ff89f0e0000 - 0x00007ff89f11b000 	C:\Windows\SYSTEM32\IPHLPAPI.DLL
0x00007ff8a1550000 - 0x00007ff8a1558000 	C:\Windows\System32\NSI.dll
0x00007ff897c30000 - 0x00007ff897c47000 	C:\Windows\SYSTEM32\dhcpcsvc6.DLL
0x00007ff897cc0000 - 0x00007ff897cdd000 	C:\Windows\SYSTEM32\dhcpcsvc.DLL
0x00007ff89f120000 - 0x00007ff89f1eb000 	C:\Windows\SYSTEM32\DNSAPI.dll
0x00007ff884750000 - 0x00007ff884757000 	C:\Users\45819\.jdks\corretto-20.0.2.1\bin\extnet.dll
0x00007ff882420000 - 0x00007ff88242e000 	C:\Users\45819\.jdks\corretto-20.0.2.1\bin\sunmscapi.dll
0x00007ff8a0190000 - 0x00007ff8a02ed000 	C:\Windows\System32\CRYPT32.dll
0x00007ff89f750000 - 0x00007ff89f778000 	C:\Windows\SYSTEM32\ncrypt.dll
0x00007ff89f710000 - 0x00007ff89f74b000 	C:\Windows\SYSTEM32\NTASN1.dll
0x00007ff8877a0000 - 0x00007ff8877a7000 	C:\Windows\system32\wshunix.dll

dbghelp: loaded successfully - version: 4.0.5 - missing functions: none
symbol engine: initialized successfully - sym options: 0x614 - pdb path: .;C:\Users\45819\.jdks\corretto-20.0.2.1\bin;C:\Windows\SYSTEM32;C:\Windows\WinSxS\amd64_microsoft.windows.common-controls_6595b64144ccf1df_6.0.19041.3636_none_60b6a03d71f818d5;C:\Users\45819\.jdks\corretto-20.0.2.1\bin\server;C:\Users\45819\.gradle\native\c067742578af261105cb4f569cf0c3c89f3d7b1fecec35dd04571415982c5e48\windows-amd64;C:\Users\45819\.gradle\native\38dada09dfb8b06ba9b0570ebf7e218e3eb74d4ef43ca46872605cf95ebc2f47\windows-amd64

VM Arguments:
jvm_args: --add-opens=java.base/java.util=ALL-UNNAMED --add-opens=java.base/java.lang=ALL-UNNAMED --add-opens=java.base/java.lang.invoke=ALL-UNNAMED --add-opens=java.prefs/java.util.prefs=ALL-UNNAMED --add-opens=java.base/java.nio.charset=ALL-UNNAMED --add-opens=java.base/java.net=ALL-UNNAMED --add-opens=java.base/java.util.concurrent.atomic=ALL-UNNAMED -XX:MaxMetaspaceSize=384m -XX:+HeapDumpOnOutOfMemoryError -Xms256m -Xmx512m -Dfile.encoding=x-windows-949 -Duser.country=KR -Duser.language=ko -Duser.variant -javaagent:C:\Users\45819\.gradle\wrapper\dists\gradle-8.4-bin\1w5dpkrfk8irigvoxmyhowfim\gradle-8.4\lib\agents\gradle-instrumentation-agent-8.4.jar 
java_command: org.gradle.launcher.daemon.bootstrap.GradleDaemon 8.4
java_class_path (initial): C:\Users\45819\.gradle\wrapper\dists\gradle-8.4-bin\1w5dpkrfk8irigvoxmyhowfim\gradle-8.4\lib\gradle-launcher-8.4.jar
Launcher Type: SUN_STANDARD

[Global flags]
     intx CICompilerCount                          = 4                                         {product} {ergonomic}
   size_t CompressedClassSpaceSize                 = 322961408                                 {product} {ergonomic}
     uint ConcGCThreads                            = 3                                         {product} {ergonomic}
     uint G1ConcRefinementThreads                  = 10                                        {product} {ergonomic}
   size_t G1HeapRegionSize                         = 1048576                                   {product} {ergonomic}
    uintx GCDrainStackTargetSize                   = 64                                        {product} {ergonomic}
     bool HeapDumpOnOutOfMemoryError               = true                                   {manageable} {command line}
   size_t InitialHeapSize                          = 268435456                                 {product} {command line}
   size_t MarkStackSize                            = 4194304                                   {product} {ergonomic}
   size_t MaxHeapSize                              = 536870912                                 {product} {command line}
   size_t MaxMetaspaceSize                         = 402653184                                 {product} {command line}
   size_t MaxNewSize                               = 321912832                                 {product} {ergonomic}
   size_t MinHeapDeltaBytes                        = 1048576                                   {product} {ergonomic}
   size_t MinHeapSize                              = 268435456                                 {product} {command line}
    uintx NonNMethodCodeHeapSize                   = 5839372                                {pd product} {ergonomic}
    uintx NonProfiledCodeHeapSize                  = 122909434                              {pd product} {ergonomic}
    uintx ProfiledCodeHeapSize                     = 122909434                              {pd product} {ergonomic}
    uintx ReservedCodeCacheSize                    = 251658240                              {pd product} {ergonomic}
     bool SegmentedCodeCache                       = true                                      {product} {ergonomic}
   size_t SoftMaxHeapSize                          = 536870912                              {manageable} {ergonomic}
     bool UseCompressedClassPointers               = true                           {product lp64_product} {ergonomic}
     bool UseCompressedOops                        = true                           {product lp64_product} {ergonomic}
     bool UseG1GC                                  = true                                      {product} {ergonomic}
     bool UseLargePagesIndividualAllocation        = false                                  {pd product} {ergonomic}

Logging:
Log output configuration:
 #0: stdout all=warning uptime,level,tags foldmultilines=false
 #1: stderr all=off uptime,level,tags foldmultilines=false

Environment Variables:
PATH=C:\Windows\system32;C:\Windows;C:\Windows\System32\Wbem;C:\Windows\System32\WindowsPowerShell\v1.0\;C:\Windows\System32\OpenSSH\;C:\Program Files\Bandizip\;C:\Program Files\NVIDIA Corporation\NVIDIA NvDLISR;C:\Program Files (x86)\NVIDIA Corporation\PhysX\Common;C:\Program Files\Git\cmd;C:\Users\45819\AppData\Local\Microsoft\WindowsApps;;C:\Users\45819\AppData\Local\Programs\Microsoft VS Code\bin;C:\Program Files\JetBrains\IntelliJ IDEA 2024.1.4\bin;
USERNAME=45819
OS=Windows_NT
PROCESSOR_IDENTIFIER=Intel64 Family 6 Model 158 Stepping 10, GenuineIntel
TMP=C:\Users\45819\AppData\Local\Temp
TEMP=C:\Users\45819\AppData\Local\Temp




---------------  S Y S T E M  ---------------

OS:
 Windows 10 , 64 bit Build 19041 (10.0.19041.3636)
OS uptime: 15 days 14:34 hours

CPU: total 12 (initial active 12) (6 cores per cpu, 2 threads per core) family 6 model 158 stepping 10 microcode 0xb4, cx8, cmov, fxsr, ht, mmx, 3dnowpref, sse, sse2, sse3, ssse3, sse4.1, sse4.2, popcnt, lzcnt, tsc, tscinvbit, avx, avx2, aes, erms, clmul, bmi1, bmi2, adx, fma, vzeroupper, clflush, clflushopt, rdtscp, f16c

Memory: 4k page, system-wide physical 8040M (2229M free)
TotalPageFile size 11880M (AvailPageFile size 0M)
current process WorkingSet (physical memory assigned to process): 303M, peak: 303M
current process commit charge ("private bytes"): 456M, peak: 456M

vm_info: OpenJDK 64-Bit Server VM (20.0.2.1+10-FR) for windows-amd64 JRE (20.0.2.1+10-FR), built on 2023-08-19T09:18:31Z by "Administrator" with unknown MS VC++:1937

END.
